This file contains any messages produced by compilers while
running configure, to aid debugging if configure makes a mistake.

It was created by configure, which was
generated by GNU Autoconf 2.59 (OpenPKG-CURRENT).  Invocation command line was

  $ ./configure --host=x86_64-nacl prefix=/opt/zerovm/x86_64-nacl --enable-pthread --enable-shared=no --enable-tests=no --enable-optimize=no --with-mctx-mth=mcsc --with-mctx-dsp=sc --with-mctx-stk=mc --disable-dlopen

## --------- ##
## Platform. ##
## --------- ##

hostname = zvm-ThinkPad-T430s
uname -m = x86_64
uname -r = 3.8.0-34-generic
uname -s = Linux
uname -v = #49~precise1-Ubuntu SMP Wed Nov 13 18:05:00 UTC 2013

/usr/bin/uname -p = unknown
/bin/uname -X     = unknown

/bin/arch              = unknown
/usr/bin/arch -k       = unknown
/usr/convex/getsysinfo = unknown
hostinfo               = unknown
/bin/machine           = unknown
/usr/bin/oslevel       = unknown
/bin/universe          = unknown

PATH: /usr/local/bin
PATH: /usr/bin
PATH: /bin
PATH: /usr/games
PATH: //opt/zerovm/bin
PATH: /home/zvm/git/zerovm-cli
PATH: /home/zvm/git/seccompsandbox/trunk


## ----------- ##
## Core tests. ##
## ----------- ##

configure:1671: result: 
configure:1673: result: Build Tools:
configure:1686: checking for x86_64-nacl-gcc
configure:1702: found //opt/zerovm/bin/x86_64-nacl-gcc
configure:1712: result: x86_64-nacl-gcc
configure:1994: checking for C compiler version
configure:1997: x86_64-nacl-gcc --version </dev/null >&5
x86_64-nacl-gcc (GCC) 4.4.3
Copyright (C) 2010 Free Software Foundation, Inc.
This is free software; see the source for copying conditions.  There is NO
warranty; not even for MERCHANTABILITY or FITNESS FOR A PARTICULAR PURPOSE.

configure:2000: $? = 0
configure:2002: x86_64-nacl-gcc -v </dev/null >&5
Using built-in specs.
Reading specs from /opt/zerovm/lib/gcc/x86_64-nacl/specs
Target: x86_64-nacl
Configured with: /home/zvm/git/toolchain/SRC/gcc/configure CC='gcc -m32' CFLAGS='-O2 -g -Dinhibit_libc -D__gthr_posix_h' LDFLAGS=-s 'CFLAGS_FOR_TARGET=-O2 -g ' 'CXXFLAGS_FOR_TARGET=-O2 -g ' --prefix=/opt/zerovm --with-headers --disable-decimal-float --disable-libgomp --disable-libmudflap --disable-libssp --disable-libstdcxx-pch --target=x86_64-nacl --with-gmp=/home/zvm/git/toolchain/BUILD/.gcc-extra-install-gmp --with-mpfr=/home/zvm/git/toolchain/BUILD/.gcc-extra-install-mpfr --with-ppl=/home/zvm/git/toolchain/BUILD/.gcc-extra-install-ppl --with-host-libstdcxx='-lpwl -Wl,-Bstatic -lstdc++ -Wl,-Bdynamic -lm' --with-cloog=/home/zvm/git/toolchain/BUILD/.gcc-extra-install-cloog-ppl --disable-ppl-version-check --enable-shared --enable-languages=c,c++,objc,obj-c++,fortran --enable-threads=posix --enable-tls
Thread model: posix
gcc version 4.4.3 (GCC) 
configure:2005: $? = 0
configure:2007: x86_64-nacl-gcc -V </dev/null >&5
x86_64-nacl-gcc: '-V' option must have argument
configure:2010: $? = 1
configure:2033: checking for C compiler default output file name
configure:2036: x86_64-nacl-gcc    conftest.c  >&5
configure:2039: $? = 0
configure:2085: result: a.out
configure:2090: checking whether the C compiler works
configure:2096: ./a.out
./configure: line 2097: 13733 Segmentation fault      (core dumped) ./$ac_file
configure:2099: $? = 139
configure:2116: result: yes
configure:2123: checking whether we are cross compiling
configure:2125: result: yes
configure:2128: checking for suffix of executables
configure:2130: x86_64-nacl-gcc -o conftest    conftest.c  >&5
configure:2133: $? = 0
configure:2158: result: 
configure:2164: checking for suffix of object files
configure:2185: x86_64-nacl-gcc -c   conftest.c >&5
configure:2188: $? = 0
configure:2210: result: o
configure:2214: checking whether we are using the GNU C compiler
configure:2238: x86_64-nacl-gcc -c   conftest.c >&5
configure:2244: $? = 0
configure:2248: test -z 
			 || test ! -s conftest.err
configure:2251: $? = 0
configure:2254: test -s conftest.o
configure:2257: $? = 0
configure:2270: result: yes
configure:2276: checking whether x86_64-nacl-gcc accepts -g
configure:2297: x86_64-nacl-gcc -c -g  conftest.c >&5
configure:2303: $? = 0
configure:2307: test -z 
			 || test ! -s conftest.err
configure:2310: $? = 0
configure:2313: test -s conftest.o
configure:2316: $? = 0
configure:2327: result: yes
configure:2344: checking for x86_64-nacl-gcc option to accept ANSI C
configure:2414: x86_64-nacl-gcc  -c -g -O2  conftest.c >&5
configure:2420: $? = 0
configure:2424: test -z 
			 || test ! -s conftest.err
configure:2427: $? = 0
configure:2430: test -s conftest.o
configure:2433: $? = 0
configure:2451: result: none needed
configure:2469: x86_64-nacl-gcc -c -g -O2  conftest.c >&5
conftest.c:2: error: expected '=', ',', ';', 'asm' or '__attribute__' before 'me'
configure:2475: $? = 1
configure: failed program was:
| #ifndef __cplusplus
|   choke me
| #endif
configure:2613: checking how to run the C preprocessor
configure:2648: x86_64-nacl-gcc -E  conftest.c
configure:2654: $? = 0
configure:2686: x86_64-nacl-gcc -E  conftest.c
conftest.c:9:28: error: ac_nonexistent.h: No such file or directory
configure:2692: $? = 1
configure: failed program was:
| /* confdefs.h.  */
| 
| #define PACKAGE_NAME ""
| #define PACKAGE_TARNAME ""
| #define PACKAGE_VERSION ""
| #define PACKAGE_STRING ""
| #define PACKAGE_BUGREPORT ""
| /* end confdefs.h.  */
| #include <ac_nonexistent.h>
configure:2731: result: x86_64-nacl-gcc -E
configure:2755: x86_64-nacl-gcc -E  conftest.c
configure:2761: $? = 0
configure:2793: x86_64-nacl-gcc -E  conftest.c
conftest.c:9:28: error: ac_nonexistent.h: No such file or directory
configure:2799: $? = 1
configure: failed program was:
| /* confdefs.h.  */
| 
| #define PACKAGE_NAME ""
| #define PACKAGE_TARNAME ""
| #define PACKAGE_VERSION ""
| #define PACKAGE_STRING ""
| #define PACKAGE_BUGREPORT ""
| /* end confdefs.h.  */
| #include <ac_nonexistent.h>
configure:2842: checking for egrep
configure:2852: result: grep -E
configure:2857: checking whether make sets $(MAKE)
configure:2877: result: yes
configure:3029: checking for compiler option -pipe
configure:3052: result: yes
configure:3067: checking for compilation debug mode
configure:3069: result: disabled
configure:3075: checking for compilation profile mode
configure:3094: result: disabled
configure:3139: checking for compiler option -f<xxx> for optimizations
configure:3162: result: yes
configure:3168: checking for compiler option -f<xxx> for Intel x86 CPU
configure:3191: result: no
configure:3239: checking for compilation optimization mode
configure:3241: result: enabled
configure:3818: checking build system type
configure:3836: result: x86_64-unknown-linux-gnu
configure:3844: checking host system type
configure:3858: result: x86_64-pc-nacl
configure:3866: checking for a sed that does not truncate output
configure:3920: result: /bin/sed
configure:3934: checking for ld used by x86_64-nacl-gcc
configure:4001: result: /opt/zerovm/x86_64-nacl/bin/ld
configure:4010: checking if the linker (/opt/zerovm/x86_64-nacl/bin/ld) is GNU ld
configure:4025: result: yes
configure:4030: checking for /opt/zerovm/x86_64-nacl/bin/ld option to reload object files
configure:4037: result: -r
configure:4055: checking for BSD-compatible nm
configure:4104: result: //opt/zerovm/bin/x86_64-nacl-nm -B
configure:4108: checking whether ln -s works
configure:4112: result: yes
configure:4119: checking how to recognise dependent libraries
configure:4295: result: unknown
configure:4528: checking for ANSI C header files
configure:4553: x86_64-nacl-gcc -c -O2 -pipe -funroll-loops -fstrength-reduce -fomit-frame-pointer -ffast-math  conftest.c >&5
configure:4559: $? = 0
configure:4563: test -z 
			 || test ! -s conftest.err
configure:4566: $? = 0
configure:4569: test -s conftest.o
configure:4572: $? = 0
configure:4684: result: yes
configure:4708: checking for sys/types.h
configure:4724: x86_64-nacl-gcc -c -O2 -pipe -funroll-loops -fstrength-reduce -fomit-frame-pointer -ffast-math  conftest.c >&5
configure:4730: $? = 0
configure:4734: test -z 
			 || test ! -s conftest.err
configure:4737: $? = 0
configure:4740: test -s conftest.o
configure:4743: $? = 0
configure:4754: result: yes
configure:4708: checking for sys/stat.h
configure:4724: x86_64-nacl-gcc -c -O2 -pipe -funroll-loops -fstrength-reduce -fomit-frame-pointer -ffast-math  conftest.c >&5
configure:4730: $? = 0
configure:4734: test -z 
			 || test ! -s conftest.err
configure:4737: $? = 0
configure:4740: test -s conftest.o
configure:4743: $? = 0
configure:4754: result: yes
configure:4708: checking for stdlib.h
configure:4724: x86_64-nacl-gcc -c -O2 -pipe -funroll-loops -fstrength-reduce -fomit-frame-pointer -ffast-math  conftest.c >&5
configure:4730: $? = 0
configure:4734: test -z 
			 || test ! -s conftest.err
configure:4737: $? = 0
configure:4740: test -s conftest.o
configure:4743: $? = 0
configure:4754: result: yes
configure:4708: checking for string.h
configure:4724: x86_64-nacl-gcc -c -O2 -pipe -funroll-loops -fstrength-reduce -fomit-frame-pointer -ffast-math  conftest.c >&5
configure:4730: $? = 0
configure:4734: test -z 
			 || test ! -s conftest.err
configure:4737: $? = 0
configure:4740: test -s conftest.o
configure:4743: $? = 0
configure:4754: result: yes
configure:4708: checking for memory.h
configure:4724: x86_64-nacl-gcc -c -O2 -pipe -funroll-loops -fstrength-reduce -fomit-frame-pointer -ffast-math  conftest.c >&5
configure:4730: $? = 0
configure:4734: test -z 
			 || test ! -s conftest.err
configure:4737: $? = 0
configure:4740: test -s conftest.o
configure:4743: $? = 0
configure:4754: result: yes
configure:4708: checking for strings.h
configure:4724: x86_64-nacl-gcc -c -O2 -pipe -funroll-loops -fstrength-reduce -fomit-frame-pointer -ffast-math  conftest.c >&5
configure:4730: $? = 0
configure:4734: test -z 
			 || test ! -s conftest.err
configure:4737: $? = 0
configure:4740: test -s conftest.o
configure:4743: $? = 0
configure:4754: result: yes
configure:4708: checking for inttypes.h
configure:4724: x86_64-nacl-gcc -c -O2 -pipe -funroll-loops -fstrength-reduce -fomit-frame-pointer -ffast-math  conftest.c >&5
configure:4730: $? = 0
configure:4734: test -z 
			 || test ! -s conftest.err
configure:4737: $? = 0
configure:4740: test -s conftest.o
configure:4743: $? = 0
configure:4754: result: yes
configure:4708: checking for stdint.h
configure:4724: x86_64-nacl-gcc -c -O2 -pipe -funroll-loops -fstrength-reduce -fomit-frame-pointer -ffast-math  conftest.c >&5
configure:4730: $? = 0
configure:4734: test -z 
			 || test ! -s conftest.err
configure:4737: $? = 0
configure:4740: test -s conftest.o
configure:4743: $? = 0
configure:4754: result: yes
configure:4708: checking for unistd.h
configure:4724: x86_64-nacl-gcc -c -O2 -pipe -funroll-loops -fstrength-reduce -fomit-frame-pointer -ffast-math  conftest.c >&5
configure:4730: $? = 0
configure:4734: test -z 
			 || test ! -s conftest.err
configure:4737: $? = 0
configure:4740: test -s conftest.o
configure:4743: $? = 0
configure:4754: result: yes
configure:4780: checking dlfcn.h usability
configure:4792: x86_64-nacl-gcc -c -O2 -pipe -funroll-loops -fstrength-reduce -fomit-frame-pointer -ffast-math  conftest.c >&5
configure:4798: $? = 0
configure:4802: test -z 
			 || test ! -s conftest.err
configure:4805: $? = 0
configure:4808: test -s conftest.o
configure:4811: $? = 0
configure:4821: result: yes
configure:4825: checking dlfcn.h presence
configure:4835: x86_64-nacl-gcc -E  conftest.c
configure:4841: $? = 0
configure:4861: result: yes
configure:4896: checking for dlfcn.h
configure:4903: result: yes
configure:4926: checking for x86_64-nacl-g++
configure:4942: found //opt/zerovm/bin/x86_64-nacl-g++
configure:4952: result: x86_64-nacl-g++
configure:5010: checking for C++ compiler version
configure:5013: x86_64-nacl-g++ --version </dev/null >&5
x86_64-nacl-g++ (GCC) 4.4.3
Copyright (C) 2010 Free Software Foundation, Inc.
This is free software; see the source for copying conditions.  There is NO
warranty; not even for MERCHANTABILITY or FITNESS FOR A PARTICULAR PURPOSE.

configure:5016: $? = 0
configure:5018: x86_64-nacl-g++ -v </dev/null >&5
Using built-in specs.
Reading specs from /opt/zerovm/lib/gcc/x86_64-nacl/specs
Target: x86_64-nacl
Configured with: /home/zvm/git/toolchain/SRC/gcc/configure CC='gcc -m32' CFLAGS='-O2 -g -Dinhibit_libc -D__gthr_posix_h' LDFLAGS=-s 'CFLAGS_FOR_TARGET=-O2 -g ' 'CXXFLAGS_FOR_TARGET=-O2 -g ' --prefix=/opt/zerovm --with-headers --disable-decimal-float --disable-libgomp --disable-libmudflap --disable-libssp --disable-libstdcxx-pch --target=x86_64-nacl --with-gmp=/home/zvm/git/toolchain/BUILD/.gcc-extra-install-gmp --with-mpfr=/home/zvm/git/toolchain/BUILD/.gcc-extra-install-mpfr --with-ppl=/home/zvm/git/toolchain/BUILD/.gcc-extra-install-ppl --with-host-libstdcxx='-lpwl -Wl,-Bstatic -lstdc++ -Wl,-Bdynamic -lm' --with-cloog=/home/zvm/git/toolchain/BUILD/.gcc-extra-install-cloog-ppl --disable-ppl-version-check --enable-shared --enable-languages=c,c++,objc,obj-c++,fortran --enable-threads=posix --enable-tls
Thread model: posix
gcc version 4.4.3 (GCC) 
configure:5021: $? = 0
configure:5023: x86_64-nacl-g++ -V </dev/null >&5
x86_64-nacl-g++: '-V' option must have argument
configure:5026: $? = 1
configure:5029: checking whether we are using the GNU C++ compiler
configure:5053: x86_64-nacl-g++ -c   conftest.cc >&5
configure:5059: $? = 0
configure:5063: test -z 
			 || test ! -s conftest.err
configure:5066: $? = 0
configure:5069: test -s conftest.o
configure:5072: $? = 0
configure:5085: result: yes
configure:5091: checking whether x86_64-nacl-g++ accepts -g
configure:5112: x86_64-nacl-g++ -c -g  conftest.cc >&5
configure:5118: $? = 0
configure:5122: test -z 
			 || test ! -s conftest.err
configure:5125: $? = 0
configure:5128: test -s conftest.o
configure:5131: $? = 0
configure:5142: result: yes
configure:5184: x86_64-nacl-g++ -c -g -O2  conftest.cc >&5
configure:5190: $? = 0
configure:5194: test -z 
			 || test ! -s conftest.err
configure:5197: $? = 0
configure:5200: test -s conftest.o
configure:5203: $? = 0
configure:5229: x86_64-nacl-g++ -c -g -O2  conftest.cc >&5
conftest.cc: In function 'int main()':
conftest.cc:24: error: 'exit' was not declared in this scope
configure:5235: $? = 1
configure: failed program was:
| /* confdefs.h.  */
| 
| #define PACKAGE_NAME ""
| #define PACKAGE_TARNAME ""
| #define PACKAGE_VERSION ""
| #define PACKAGE_STRING ""
| #define PACKAGE_BUGREPORT ""
| #define STDC_HEADERS 1
| #define HAVE_SYS_TYPES_H 1
| #define HAVE_SYS_STAT_H 1
| #define HAVE_STDLIB_H 1
| #define HAVE_STRING_H 1
| #define HAVE_MEMORY_H 1
| #define HAVE_STRINGS_H 1
| #define HAVE_INTTYPES_H 1
| #define HAVE_STDINT_H 1
| #define HAVE_UNISTD_H 1
| #define HAVE_DLFCN_H 1
| /* end confdefs.h.  */
| 
| int
| main ()
| {
| exit (42);
|   ;
|   return 0;
| }
configure:5184: x86_64-nacl-g++ -c -g -O2  conftest.cc >&5
conftest.cc:20: error: 'void std::exit(int)' should have been declared inside 'std'
configure:5190: $? = 1
configure: failed program was:
| /* confdefs.h.  */
| 
| #define PACKAGE_NAME ""
| #define PACKAGE_TARNAME ""
| #define PACKAGE_VERSION ""
| #define PACKAGE_STRING ""
| #define PACKAGE_BUGREPORT ""
| #define STDC_HEADERS 1
| #define HAVE_SYS_TYPES_H 1
| #define HAVE_SYS_STAT_H 1
| #define HAVE_STDLIB_H 1
| #define HAVE_STRING_H 1
| #define HAVE_MEMORY_H 1
| #define HAVE_STRINGS_H 1
| #define HAVE_INTTYPES_H 1
| #define HAVE_STDINT_H 1
| #define HAVE_UNISTD_H 1
| #define HAVE_DLFCN_H 1
| /* end confdefs.h.  */
| extern "C" void std::exit (int) throw (); using std::exit;
| #include <stdlib.h>
| int
| main ()
| {
| exit (42);
|   ;
|   return 0;
| }
configure:5184: x86_64-nacl-g++ -c -g -O2  conftest.cc >&5
conftest.cc:20: error: 'void std::exit(int)' should have been declared inside 'std'
In file included from conftest.cc:21:
/opt/zerovm/lib/gcc/x86_64-nacl/4.4.3/../../../../x86_64-nacl/include/stdlib.h:531: error: declaration of 'void std::exit(int) throw ()' throws different exceptions
conftest.cc:20: error: from previous declaration 'void std::exit(int)'
configure:5190: $? = 1
configure: failed program was:
| /* confdefs.h.  */
| 
| #define PACKAGE_NAME ""
| #define PACKAGE_TARNAME ""
| #define PACKAGE_VERSION ""
| #define PACKAGE_STRING ""
| #define PACKAGE_BUGREPORT ""
| #define STDC_HEADERS 1
| #define HAVE_SYS_TYPES_H 1
| #define HAVE_SYS_STAT_H 1
| #define HAVE_STDLIB_H 1
| #define HAVE_STRING_H 1
| #define HAVE_MEMORY_H 1
| #define HAVE_STRINGS_H 1
| #define HAVE_INTTYPES_H 1
| #define HAVE_STDINT_H 1
| #define HAVE_UNISTD_H 1
| #define HAVE_DLFCN_H 1
| /* end confdefs.h.  */
| extern "C" void std::exit (int); using std::exit;
| #include <stdlib.h>
| int
| main ()
| {
| exit (42);
|   ;
|   return 0;
| }
configure:5184: x86_64-nacl-g++ -c -g -O2  conftest.cc >&5
configure:5190: $? = 0
configure:5194: test -z 
			 || test ! -s conftest.err
configure:5197: $? = 0
configure:5200: test -s conftest.o
configure:5203: $? = 0
configure:5229: x86_64-nacl-g++ -c -g -O2  conftest.cc >&5
configure:5235: $? = 0
configure:5239: test -z 
			 || test ! -s conftest.err
configure:5242: $? = 0
configure:5245: test -s conftest.o
configure:5248: $? = 0
configure:5281: checking how to run the C++ preprocessor
configure:5312: x86_64-nacl-g++ -E  conftest.cc
configure:5318: $? = 0
configure:5350: x86_64-nacl-g++ -E  conftest.cc
conftest.cc:23:28: error: ac_nonexistent.h: No such file or directory
configure:5356: $? = 1
configure: failed program was:
| /* confdefs.h.  */
| 
| #define PACKAGE_NAME ""
| #define PACKAGE_TARNAME ""
| #define PACKAGE_VERSION ""
| #define PACKAGE_STRING ""
| #define PACKAGE_BUGREPORT ""
| #define STDC_HEADERS 1
| #define HAVE_SYS_TYPES_H 1
| #define HAVE_SYS_STAT_H 1
| #define HAVE_STDLIB_H 1
| #define HAVE_STRING_H 1
| #define HAVE_MEMORY_H 1
| #define HAVE_STRINGS_H 1
| #define HAVE_INTTYPES_H 1
| #define HAVE_STDINT_H 1
| #define HAVE_UNISTD_H 1
| #define HAVE_DLFCN_H 1
| #ifdef __cplusplus
| extern "C" void exit (int) throw ();
| #endif
| /* end confdefs.h.  */
| #include <ac_nonexistent.h>
configure:5395: result: x86_64-nacl-g++ -E
configure:5419: x86_64-nacl-g++ -E  conftest.cc
configure:5425: $? = 0
configure:5457: x86_64-nacl-g++ -E  conftest.cc
conftest.cc:23:28: error: ac_nonexistent.h: No such file or directory
configure:5463: $? = 1
configure: failed program was:
| /* confdefs.h.  */
| 
| #define PACKAGE_NAME ""
| #define PACKAGE_TARNAME ""
| #define PACKAGE_VERSION ""
| #define PACKAGE_STRING ""
| #define PACKAGE_BUGREPORT ""
| #define STDC_HEADERS 1
| #define HAVE_SYS_TYPES_H 1
| #define HAVE_SYS_STAT_H 1
| #define HAVE_STDLIB_H 1
| #define HAVE_STRING_H 1
| #define HAVE_MEMORY_H 1
| #define HAVE_STRINGS_H 1
| #define HAVE_INTTYPES_H 1
| #define HAVE_STDINT_H 1
| #define HAVE_UNISTD_H 1
| #define HAVE_DLFCN_H 1
| #ifdef __cplusplus
| extern "C" void exit (int) throw ();
| #endif
| /* end confdefs.h.  */
| #include <ac_nonexistent.h>
configure:5518: checking for x86_64-nacl-g77
configure:5547: result: no
configure:5518: checking for x86_64-nacl-f77
configure:5547: result: no
configure:5518: checking for x86_64-nacl-xlf
configure:5547: result: no
configure:5518: checking for x86_64-nacl-frt
configure:5547: result: no
configure:5518: checking for x86_64-nacl-pgf77
configure:5547: result: no
configure:5518: checking for x86_64-nacl-fort77
configure:5547: result: no
configure:5518: checking for x86_64-nacl-fl32
configure:5547: result: no
configure:5518: checking for x86_64-nacl-af77
configure:5547: result: no
configure:5518: checking for x86_64-nacl-f90
configure:5547: result: no
configure:5518: checking for x86_64-nacl-xlf90
configure:5547: result: no
configure:5518: checking for x86_64-nacl-pgf90
configure:5547: result: no
configure:5518: checking for x86_64-nacl-epcf90
configure:5547: result: no
configure:5518: checking for x86_64-nacl-f95
configure:5547: result: no
configure:5518: checking for x86_64-nacl-fort
configure:5547: result: no
configure:5518: checking for x86_64-nacl-xlf95
configure:5547: result: no
configure:5518: checking for x86_64-nacl-ifc
configure:5547: result: no
configure:5518: checking for x86_64-nacl-efc
configure:5547: result: no
configure:5518: checking for x86_64-nacl-pgf95
configure:5547: result: no
configure:5518: checking for x86_64-nacl-lf95
configure:5547: result: no
configure:5518: checking for x86_64-nacl-gfortran
configure:5534: found //opt/zerovm/bin/x86_64-nacl-gfortran
configure:5544: result: x86_64-nacl-gfortran
configure:5601: checking for Fortran 77 compiler version
configure:5604: x86_64-nacl-gfortran --version </dev/null >&5
GNU Fortran (GCC) 4.4.3
Copyright (C) 2010 Free Software Foundation, Inc.

GNU Fortran comes with NO WARRANTY, to the extent permitted by law.
You may redistribute copies of GNU Fortran
under the terms of the GNU General Public License.
For more information about these matters, see the file named COPYING

configure:5607: $? = 0
configure:5609: x86_64-nacl-gfortran -v </dev/null >&5
Using built-in specs.
Reading specs from /opt/zerovm/lib/gcc/x86_64-nacl/specs
Target: x86_64-nacl
Configured with: /home/zvm/git/toolchain/SRC/gcc/configure CC='gcc -m32' CFLAGS='-O2 -g -Dinhibit_libc -D__gthr_posix_h' LDFLAGS=-s 'CFLAGS_FOR_TARGET=-O2 -g ' 'CXXFLAGS_FOR_TARGET=-O2 -g ' --prefix=/opt/zerovm --with-headers --disable-decimal-float --disable-libgomp --disable-libmudflap --disable-libssp --disable-libstdcxx-pch --target=x86_64-nacl --with-gmp=/home/zvm/git/toolchain/BUILD/.gcc-extra-install-gmp --with-mpfr=/home/zvm/git/toolchain/BUILD/.gcc-extra-install-mpfr --with-ppl=/home/zvm/git/toolchain/BUILD/.gcc-extra-install-ppl --with-host-libstdcxx='-lpwl -Wl,-Bstatic -lstdc++ -Wl,-Bdynamic -lm' --with-cloog=/home/zvm/git/toolchain/BUILD/.gcc-extra-install-cloog-ppl --disable-ppl-version-check --enable-shared --enable-languages=c,c++,objc,obj-c++,fortran --enable-threads=posix --enable-tls
Thread model: posix
gcc version 4.4.3 (GCC) 
configure:5612: $? = 0
configure:5614: x86_64-nacl-gfortran -V </dev/null >&5
x86_64-nacl-gfortran: '-V' option must have argument
configure:5617: $? = 1
configure:5625: checking whether we are using the GNU Fortran 77 compiler
configure:5639: x86_64-nacl-gfortran -c  conftest.F >&5
configure:5645: $? = 0
configure:5649: test -z 
			 || test ! -s conftest.err
configure:5652: $? = 0
configure:5655: test -s conftest.o
configure:5658: $? = 0
configure:5671: result: yes
configure:5677: checking whether x86_64-nacl-gfortran accepts -g
configure:5689: x86_64-nacl-gfortran -c -g conftest.f >&5
configure:5695: $? = 0
configure:5699: test -z 
			 || test ! -s conftest.err
configure:5702: $? = 0
configure:5705: test -s conftest.o
configure:5708: $? = 0
configure:5720: result: yes
configure:5750: checking the maximum length of command line arguments
configure:5859: result: 32768
configure:5870: checking command to parse //opt/zerovm/bin/x86_64-nacl-nm -B output from x86_64-nacl-gcc object
configure:5975: x86_64-nacl-gcc -c -O2 -pipe -funroll-loops -fstrength-reduce -fomit-frame-pointer -ffast-math  conftest.c >&5
configure:5978: $? = 0
configure:5982: //opt/zerovm/bin/x86_64-nacl-nm -B conftest.o \| sed -n -e 's/^.*[ 	]\([ABCDGIRSTW][ABCDGIRSTW]*\)[ 	][ 	]*\([_A-Za-z][_A-Za-z0-9]*\)$/\1 \2 \2/p' \> conftest.nm
configure:5985: $? = 0
configure:6037: x86_64-nacl-gcc -o conftest -O2 -pipe -funroll-loops -fstrength-reduce -fomit-frame-pointer -ffast-math   conftest.c conftstm.o >&5
configure:6040: $? = 0
configure:6078: result: ok
configure:6082: checking for objdir
configure:6097: result: .libs
configure:6149: checking for x86_64-nacl-ar
configure:6165: found //opt/zerovm/bin/x86_64-nacl-ar
configure:6175: result: x86_64-nacl-ar
configure:6229: checking for x86_64-nacl-ranlib
configure:6245: found //opt/zerovm/bin/x86_64-nacl-ranlib
configure:6255: result: x86_64-nacl-ranlib
configure:6309: checking for x86_64-nacl-strip
configure:6325: found //opt/zerovm/bin/x86_64-nacl-strip
configure:6335: result: x86_64-nacl-strip
configure:6650: checking if x86_64-nacl-gcc supports -fno-rtti -fno-exceptions
configure:6668: x86_64-nacl-gcc -c -O2 -pipe -funroll-loops -fstrength-reduce -fomit-frame-pointer -ffast-math  -fno-rtti -fno-exceptions conftest.c >&5
cc1: warning: command line option "-fno-rtti" is valid for C++/ObjC++ but not for C
configure:6672: $? = 0
configure:6685: result: no
configure:6700: checking for x86_64-nacl-gcc option to produce PIC
configure:6910: result: -fPIC
configure:6918: checking if x86_64-nacl-gcc PIC flag -fPIC works
configure:6936: x86_64-nacl-gcc -c -O2 -pipe -funroll-loops -fstrength-reduce -fomit-frame-pointer -ffast-math  -fPIC -DPIC conftest.c >&5
configure:6940: $? = 0
configure:6953: result: yes
configure:6981: checking if x86_64-nacl-gcc static flag -static works
configure:7009: result: no
configure:7019: checking if x86_64-nacl-gcc supports -c -o file.o
configure:7040: x86_64-nacl-gcc -c -O2 -pipe -funroll-loops -fstrength-reduce -fomit-frame-pointer -ffast-math  -o out/conftest2.o conftest.c >&5
configure:7044: $? = 0
configure:7066: result: yes
configure:7092: checking whether the x86_64-nacl-gcc linker (/opt/zerovm/x86_64-nacl/bin/ld) supports shared libraries
configure:8050: result: yes
configure:8117: checking dynamic linker characteristics
configure:8705: result: no
configure:8714: checking how to hardcode library paths into programs
configure:8739: result: immediate
configure:8753: checking whether stripping libraries is possible
configure:8758: result: yes
configure:9592: checking if libtool supports shared libraries
configure:9594: result: no
configure:9597: checking whether to build shared libraries
configure:9618: result: no
configure:9621: checking whether to build static libraries
configure:9625: result: yes
configure:9717: creating libtool
configure:10305: checking for ld used by x86_64-nacl-g++
configure:10372: result: /opt/zerovm/x86_64-nacl/bin/ld
configure:10381: checking if the linker (/opt/zerovm/x86_64-nacl/bin/ld) is GNU ld
configure:10396: result: yes
configure:10447: checking whether the x86_64-nacl-g++ linker (/opt/zerovm/x86_64-nacl/bin/ld) supports shared libraries
configure:11385: result: no
configure:11407: x86_64-nacl-g++ -c -g -O2  conftest.cpp >&5
configure:11410: $? = 0
configure:11529: checking for x86_64-nacl-g++ option to produce PIC
configure:11803: result: -fPIC
configure:11811: checking if x86_64-nacl-g++ PIC flag -fPIC works
configure:11829: x86_64-nacl-g++ -c -g -O2  -fPIC -DPIC conftest.cpp >&5
configure:11833: $? = 0
configure:11846: result: yes
configure:11874: checking if x86_64-nacl-g++ static flag -static works
configure:11902: result: no
configure:11912: checking if x86_64-nacl-g++ supports -c -o file.o
configure:11933: x86_64-nacl-g++ -c -g -O2  -o out/conftest2.o conftest.cpp >&5
configure:11937: $? = 0
configure:11959: result: yes
configure:11985: checking whether the x86_64-nacl-g++ linker (/opt/zerovm/x86_64-nacl/bin/ld) supports shared libraries
configure:12010: result: no
configure:12077: checking dynamic linker characteristics
configure:12665: result: no
configure:12674: checking how to hardcode library paths into programs
configure:12699: result: immediate
configure:13225: checking if libtool supports shared libraries
configure:13227: result: no
configure:13230: checking whether to build shared libraries
configure:13250: result: no
configure:13253: checking whether to build static libraries
configure:13257: result: yes
configure:13267: checking for x86_64-nacl-gfortran option to produce PIC
configure:13477: result: -fPIC
configure:13485: checking if x86_64-nacl-gfortran PIC flag -fPIC works
configure:13503: x86_64-nacl-gfortran -c -g -O2 -fPIC conftest.f >&5
configure:13507: $? = 0
configure:13520: result: yes
configure:13548: checking if x86_64-nacl-gfortran static flag -static works
configure:13576: result: no
configure:13586: checking if x86_64-nacl-gfortran supports -c -o file.o
configure:13607: x86_64-nacl-gfortran -c -g -O2 -o out/conftest2.o conftest.f >&5
configure:13611: $? = 0
configure:13633: result: yes
configure:13659: checking whether the x86_64-nacl-gfortran linker (/opt/zerovm/x86_64-nacl/bin/ld) supports shared libraries
configure:14597: result: yes
configure:14664: checking dynamic linker characteristics
configure:15252: result: no
configure:15261: checking how to hardcode library paths into programs
configure:15286: result: immediate
configure:19023: result: 
configure:19025: result: Mandatory Platform Environment:
configure:19030: checking for ANSI C header files
configure:19186: result: yes
configure:19223: checking stdio.h usability
configure:19235: x86_64-nacl-gcc -c -O2 -pipe -funroll-loops -fstrength-reduce -fomit-frame-pointer -ffast-math  conftest.c >&5
configure:19241: $? = 0
configure:19245: test -z 
			 || test ! -s conftest.err
configure:19248: $? = 0
configure:19251: test -s conftest.o
configure:19254: $? = 0
configure:19264: result: yes
configure:19268: checking stdio.h presence
configure:19278: x86_64-nacl-gcc -E  conftest.c
configure:19284: $? = 0
configure:19304: result: yes
configure:19339: checking for stdio.h
configure:19346: result: yes
configure:19214: checking for stdlib.h
configure:19219: result: yes
configure:19223: checking stdarg.h usability
configure:19235: x86_64-nacl-gcc -c -O2 -pipe -funroll-loops -fstrength-reduce -fomit-frame-pointer -ffast-math  conftest.c >&5
configure:19241: $? = 0
configure:19245: test -z 
			 || test ! -s conftest.err
configure:19248: $? = 0
configure:19251: test -s conftest.o
configure:19254: $? = 0
configure:19264: result: yes
configure:19268: checking stdarg.h presence
configure:19278: x86_64-nacl-gcc -E  conftest.c
configure:19284: $? = 0
configure:19304: result: yes
configure:19339: checking for stdarg.h
configure:19346: result: yes
configure:19214: checking for string.h
configure:19219: result: yes
configure:19223: checking signal.h usability
configure:19235: x86_64-nacl-gcc -c -O2 -pipe -funroll-loops -fstrength-reduce -fomit-frame-pointer -ffast-math  conftest.c >&5
configure:19241: $? = 0
configure:19245: test -z 
			 || test ! -s conftest.err
configure:19248: $? = 0
configure:19251: test -s conftest.o
configure:19254: $? = 0
configure:19264: result: yes
configure:19268: checking signal.h presence
configure:19278: x86_64-nacl-gcc -E  conftest.c
configure:19284: $? = 0
configure:19304: result: yes
configure:19339: checking for signal.h
configure:19346: result: yes
configure:19214: checking for unistd.h
configure:19219: result: yes
configure:19223: checking setjmp.h usability
configure:19235: x86_64-nacl-gcc -c -O2 -pipe -funroll-loops -fstrength-reduce -fomit-frame-pointer -ffast-math  conftest.c >&5
configure:19241: $? = 0
configure:19245: test -z 
			 || test ! -s conftest.err
configure:19248: $? = 0
configure:19251: test -s conftest.o
configure:19254: $? = 0
configure:19264: result: yes
configure:19268: checking setjmp.h presence
configure:19278: x86_64-nacl-gcc -E  conftest.c
configure:19284: $? = 0
configure:19304: result: yes
configure:19339: checking for setjmp.h
configure:19346: result: yes
configure:19223: checking fcntl.h usability
configure:19235: x86_64-nacl-gcc -c -O2 -pipe -funroll-loops -fstrength-reduce -fomit-frame-pointer -ffast-math  conftest.c >&5
configure:19241: $? = 0
configure:19245: test -z 
			 || test ! -s conftest.err
configure:19248: $? = 0
configure:19251: test -s conftest.o
configure:19254: $? = 0
configure:19264: result: yes
configure:19268: checking fcntl.h presence
configure:19278: x86_64-nacl-gcc -E  conftest.c
configure:19284: $? = 0
configure:19304: result: yes
configure:19339: checking for fcntl.h
configure:19346: result: yes
configure:19223: checking errno.h usability
configure:19235: x86_64-nacl-gcc -c -O2 -pipe -funroll-loops -fstrength-reduce -fomit-frame-pointer -ffast-math  conftest.c >&5
configure:19241: $? = 0
configure:19245: test -z 
			 || test ! -s conftest.err
configure:19248: $? = 0
configure:19251: test -s conftest.o
configure:19254: $? = 0
configure:19264: result: yes
configure:19268: checking errno.h presence
configure:19278: x86_64-nacl-gcc -E  conftest.c
configure:19284: $? = 0
configure:19304: result: yes
configure:19339: checking for errno.h
configure:19346: result: yes
configure:19214: checking for sys/types.h
configure:19219: result: yes
configure:19223: checking sys/time.h usability
configure:19235: x86_64-nacl-gcc -c -O2 -pipe -funroll-loops -fstrength-reduce -fomit-frame-pointer -ffast-math  conftest.c >&5
configure:19241: $? = 0
configure:19245: test -z 
			 || test ! -s conftest.err
configure:19248: $? = 0
configure:19251: test -s conftest.o
configure:19254: $? = 0
configure:19264: result: yes
configure:19268: checking sys/time.h presence
configure:19278: x86_64-nacl-gcc -E  conftest.c
configure:19284: $? = 0
configure:19304: result: yes
configure:19339: checking for sys/time.h
configure:19346: result: yes
configure:19223: checking sys/wait.h usability
configure:19235: x86_64-nacl-gcc -c -O2 -pipe -funroll-loops -fstrength-reduce -fomit-frame-pointer -ffast-math  conftest.c >&5
configure:19241: $? = 0
configure:19245: test -z 
			 || test ! -s conftest.err
configure:19248: $? = 0
configure:19251: test -s conftest.o
configure:19254: $? = 0
configure:19264: result: yes
configure:19268: checking sys/wait.h presence
configure:19278: x86_64-nacl-gcc -E  conftest.c
configure:19284: $? = 0
configure:19304: result: yes
configure:19339: checking for sys/wait.h
configure:19346: result: yes
configure:19214: checking for sys/stat.h
configure:19219: result: yes
configure:19223: checking sys/socket.h usability
configure:19235: x86_64-nacl-gcc -c -O2 -pipe -funroll-loops -fstrength-reduce -fomit-frame-pointer -ffast-math  conftest.c >&5
configure:19241: $? = 0
configure:19245: test -z 
			 || test ! -s conftest.err
configure:19248: $? = 0
configure:19251: test -s conftest.o
configure:19254: $? = 0
configure:19264: result: yes
configure:19268: checking sys/socket.h presence
configure:19278: x86_64-nacl-gcc -E  conftest.c
configure:19284: $? = 0
configure:19304: result: yes
configure:19339: checking for sys/socket.h
configure:19346: result: yes
configure:19368: checking for gettimeofday
configure:19425: x86_64-nacl-gcc -o conftest -O2 -pipe -funroll-loops -fstrength-reduce -fomit-frame-pointer -ffast-math   conftest.c  >&5
configure:19431: $? = 0
configure:19435: test -z 
			 || test ! -s conftest.err
configure:19438: $? = 0
configure:19441: test -s conftest
configure:19444: $? = 0
configure:19456: result: yes
configure:19368: checking for select
configure:19425: x86_64-nacl-gcc -o conftest -O2 -pipe -funroll-loops -fstrength-reduce -fomit-frame-pointer -ffast-math   conftest.c  >&5
configure:19431: $? = 0
configure:19435: test -z 
			 || test ! -s conftest.err
configure:19438: $? = 0
configure:19441: test -s conftest
configure:19444: $? = 0
configure:19456: result: yes
configure:19368: checking for sigaction
configure:19425: x86_64-nacl-gcc -o conftest -O2 -pipe -funroll-loops -fstrength-reduce -fomit-frame-pointer -ffast-math   conftest.c  >&5
conftest.c:69: error: expected '=', ',', ';', 'asm' or '__attribute__' before 'me'
configure:19431: $? = 1
configure: failed program was:
| /* confdefs.h.  */
| 
| #define PACKAGE_NAME ""
| #define PACKAGE_TARNAME ""
| #define PACKAGE_VERSION ""
| #define PACKAGE_STRING ""
| #define PACKAGE_BUGREPORT ""
| #define STDC_HEADERS 1
| #define HAVE_SYS_TYPES_H 1
| #define HAVE_SYS_STAT_H 1
| #define HAVE_STDLIB_H 1
| #define HAVE_STRING_H 1
| #define HAVE_MEMORY_H 1
| #define HAVE_STRINGS_H 1
| #define HAVE_INTTYPES_H 1
| #define HAVE_STDINT_H 1
| #define HAVE_UNISTD_H 1
| #define HAVE_DLFCN_H 1
| #ifdef __cplusplus
| extern "C" void exit (int) throw ();
| #endif
| #define STDC_HEADERS 1
| #define HAVE_STDIO_H 1
| #define HAVE_STDLIB_H 1
| #define HAVE_STDARG_H 1
| #define HAVE_STRING_H 1
| #define HAVE_SIGNAL_H 1
| #define HAVE_UNISTD_H 1
| #define HAVE_SETJMP_H 1
| #define HAVE_FCNTL_H 1
| #define HAVE_ERRNO_H 1
| #define HAVE_SYS_TYPES_H 1
| #define HAVE_SYS_TIME_H 1
| #define HAVE_SYS_WAIT_H 1
| #define HAVE_SYS_STAT_H 1
| #define HAVE_SYS_SOCKET_H 1
| #define HAVE_GETTIMEOFDAY 1
| #define HAVE_SELECT 1
| /* end confdefs.h.  */
| /* Define sigaction to an innocuous variant, in case <limits.h> declares sigaction.
|    For example, HP-UX 11i <limits.h> declares gettimeofday.  */
| #define sigaction innocuous_sigaction
| 
| /* System header to define __stub macros and hopefully few prototypes,
|     which can conflict with char sigaction (); below.
|     Prefer <limits.h> to <assert.h> if __STDC__ is defined, since
|     <limits.h> exists even on freestanding compilers.  */
| 
| #ifdef __STDC__
| # include <limits.h>
| #else
| # include <assert.h>
| #endif
| 
| #undef sigaction
| 
| /* Override any gcc2 internal prototype to avoid an error.  */
| #ifdef __cplusplus
| extern "C"
| {
| #endif
| /* We use char because int might match the return type of a gcc2
|    builtin and then its argument prototype would still apply.  */
| char sigaction ();
| /* The GNU C library defines this for functions which it implements
|     to always fail with ENOSYS.  Some functions are actually named
|     something starting with __ and the normal name is an alias.  */
| #if defined (__stub_sigaction) || defined (__stub___sigaction)
| choke me
| #else
| char (*f) () = sigaction;
| #endif
| #ifdef __cplusplus
| }
| #endif
| 
| int
| main ()
| {
| return f != sigaction;
|   ;
|   return 0;
| }
configure:19456: result: no
configure:19368: checking for sigprocmask
configure:19425: x86_64-nacl-gcc -o conftest -O2 -pipe -funroll-loops -fstrength-reduce -fomit-frame-pointer -ffast-math   conftest.c  >&5
configure:19431: $? = 0
configure:19435: test -z 
			 || test ! -s conftest.err
configure:19438: $? = 0
configure:19441: test -s conftest
configure:19444: $? = 0
configure:19456: result: yes
configure:19368: checking for sigpending
configure:19425: x86_64-nacl-gcc -o conftest -O2 -pipe -funroll-loops -fstrength-reduce -fomit-frame-pointer -ffast-math   conftest.c  >&5
configure:19431: $? = 0
configure:19435: test -z 
			 || test ! -s conftest.err
configure:19438: $? = 0
configure:19441: test -s conftest
configure:19444: $? = 0
configure:19456: result: yes
configure:19368: checking for sigsuspend
configure:19425: x86_64-nacl-gcc -o conftest -O2 -pipe -funroll-loops -fstrength-reduce -fomit-frame-pointer -ffast-math   conftest.c  >&5
configure:19431: $? = 0
configure:19435: test -z 
			 || test ! -s conftest.err
configure:19438: $? = 0
configure:19441: test -s conftest
configure:19444: $? = 0
configure:19456: result: yes
configure:19515: result: decision on mandatory system headers and functions... all fine
configure:19523: result: 
configure:19525: result: Optional Platform Environment:
configure:19530: checking for number of signals
configure:19572: x86_64-nacl-gcc -o conftest -O2 -pipe -funroll-loops -fstrength-reduce -fomit-frame-pointer -ffast-math   conftest.c  >&5
conftest.c: In function 'main':
conftest.c:63: warning: incompatible implicit declaration of built-in function 'exit'
configure:19575: $? = 0
configure:19577: ./conftest
./configure: line 19578: 17729 Segmentation fault      (core dumped) ./conftest$ac_exeext
configure:19580: $? = 139
configure: program exited with status 139
configure: failed program was:
| /* confdefs.h.  */
| 
| #define PACKAGE_NAME ""
| #define PACKAGE_TARNAME ""
| #define PACKAGE_VERSION ""
| #define PACKAGE_STRING ""
| #define PACKAGE_BUGREPORT ""
| #define STDC_HEADERS 1
| #define HAVE_SYS_TYPES_H 1
| #define HAVE_SYS_STAT_H 1
| #define HAVE_STDLIB_H 1
| #define HAVE_STRING_H 1
| #define HAVE_MEMORY_H 1
| #define HAVE_STRINGS_H 1
| #define HAVE_INTTYPES_H 1
| #define HAVE_STDINT_H 1
| #define HAVE_UNISTD_H 1
| #define HAVE_DLFCN_H 1
| #ifdef __cplusplus
| extern "C" void exit (int) throw ();
| #endif
| #define STDC_HEADERS 1
| #define HAVE_STDIO_H 1
| #define HAVE_STDLIB_H 1
| #define HAVE_STDARG_H 1
| #define HAVE_STRING_H 1
| #define HAVE_SIGNAL_H 1
| #define HAVE_UNISTD_H 1
| #define HAVE_SETJMP_H 1
| #define HAVE_FCNTL_H 1
| #define HAVE_ERRNO_H 1
| #define HAVE_SYS_TYPES_H 1
| #define HAVE_SYS_TIME_H 1
| #define HAVE_SYS_WAIT_H 1
| #define HAVE_SYS_STAT_H 1
| #define HAVE_SYS_SOCKET_H 1
| #define HAVE_GETTIMEOFDAY 1
| #define HAVE_SELECT 1
| #define HAVE_SIGPROCMASK 1
| #define HAVE_SIGPENDING 1
| #define HAVE_SIGSUSPEND 1
| /* end confdefs.h.  */
| 
| #include <stdio.h>
| #include <sys/types.h>
| #include <signal.h>
| 
| int main(int argc, char *argv[])
| {
|     FILE *fp;
|     int nsig;
| 
| #if defined(NSIG)
|     nsig = NSIG;
| #elif defined(_NSIG)
|     nsig = _NSIG;
| #else
|     nsig = (sizeof(sigset_t)*8);
|     if (nsig < 32)
|         nsig = 32;
| #endif
|     if ((fp = fopen("conftestval", "w")) == NULL)
|         exit(1);
|     fprintf(fp, "%d\n", nsig);
|     fclose(fp);
|     exit(0);
| }
| 
| 
configure:19593: result: 32
configure:19602: checking for default value of FD_SETSIZE
configure:19638: x86_64-nacl-gcc -o conftest -O2 -pipe -funroll-loops -fstrength-reduce -fomit-frame-pointer -ffast-math   conftest.c  >&5
conftest.c: In function 'main':
conftest.c:58: warning: incompatible implicit declaration of built-in function 'exit'
configure:19641: $? = 0
configure:19643: ./conftest
./configure: line 19644: 17750 Segmentation fault      (core dumped) ./conftest$ac_exeext
configure:19646: $? = 139
configure: program exited with status 139
configure: failed program was:
| /* confdefs.h.  */
| 
| #define PACKAGE_NAME ""
| #define PACKAGE_TARNAME ""
| #define PACKAGE_VERSION ""
| #define PACKAGE_STRING ""
| #define PACKAGE_BUGREPORT ""
| #define STDC_HEADERS 1
| #define HAVE_SYS_TYPES_H 1
| #define HAVE_SYS_STAT_H 1
| #define HAVE_STDLIB_H 1
| #define HAVE_STRING_H 1
| #define HAVE_MEMORY_H 1
| #define HAVE_STRINGS_H 1
| #define HAVE_INTTYPES_H 1
| #define HAVE_STDINT_H 1
| #define HAVE_UNISTD_H 1
| #define HAVE_DLFCN_H 1
| #ifdef __cplusplus
| extern "C" void exit (int) throw ();
| #endif
| #define STDC_HEADERS 1
| #define HAVE_STDIO_H 1
| #define HAVE_STDLIB_H 1
| #define HAVE_STDARG_H 1
| #define HAVE_STRING_H 1
| #define HAVE_SIGNAL_H 1
| #define HAVE_UNISTD_H 1
| #define HAVE_SETJMP_H 1
| #define HAVE_FCNTL_H 1
| #define HAVE_ERRNO_H 1
| #define HAVE_SYS_TYPES_H 1
| #define HAVE_SYS_TIME_H 1
| #define HAVE_SYS_WAIT_H 1
| #define HAVE_SYS_STAT_H 1
| #define HAVE_SYS_SOCKET_H 1
| #define HAVE_GETTIMEOFDAY 1
| #define HAVE_SELECT 1
| #define HAVE_SIGPROCMASK 1
| #define HAVE_SIGPENDING 1
| #define HAVE_SIGSUSPEND 1
| #define PTH_NSIG 32
| /* end confdefs.h.  */
| 
| #include <stdio.h>
| #include <sys/types.h>
| #include <unistd.h>
| int main(int argc, char *argv[])
| {
|     FILE *fp;
|     int ac_fdsetsize;
| #if defined(FD_SETSIZE)
|     ac_fdsetsize = FD_SETSIZE;
| #else
|     ac_fdsetsize = (sizeof(fd_set)*8);
| #endif
|     if ((fp = fopen("conftestval", "w")) == NULL)
|         exit(1);
|     fprintf(fp, "%d\n", ac_fdsetsize);
|     fclose(fp);
|     exit(0);
| }
| 
| 
configure:19659: result: 1024
configure:19689: checking for poll
configure:19746: x86_64-nacl-gcc -o conftest -O2 -pipe -funroll-loops -fstrength-reduce -fomit-frame-pointer -ffast-math   conftest.c  >&5
configure:19752: $? = 0
configure:19756: test -z 
			 || test ! -s conftest.err
configure:19759: $? = 0
configure:19762: test -s conftest
configure:19765: $? = 0
configure:19777: result: yes
configure:19787: checking for define POLLIN in poll.h
configure:19814: result: yes
configure:19824: checking whether poll(2) facility has to be faked
configure:19865: result: no
configure:19882: checking sys/uio.h usability
configure:19894: x86_64-nacl-gcc -c -O2 -pipe -funroll-loops -fstrength-reduce -fomit-frame-pointer -ffast-math  conftest.c >&5
configure:19900: $? = 0
configure:19904: test -z 
			 || test ! -s conftest.err
configure:19907: $? = 0
configure:19910: test -s conftest.o
configure:19913: $? = 0
configure:19923: result: yes
configure:19927: checking sys/uio.h presence
configure:19937: x86_64-nacl-gcc -E  conftest.c
configure:19943: $? = 0
configure:19963: result: yes
configure:19998: checking for sys/uio.h
configure:20005: result: yes
configure:20023: checking for readv
configure:20080: x86_64-nacl-gcc -o conftest -O2 -pipe -funroll-loops -fstrength-reduce -fomit-frame-pointer -ffast-math   conftest.c  >&5
configure:20086: $? = 0
configure:20090: test -z 
			 || test ! -s conftest.err
configure:20093: $? = 0
configure:20096: test -s conftest
configure:20099: $? = 0
configure:20111: result: yes
configure:20023: checking for writev
configure:20080: x86_64-nacl-gcc -o conftest -O2 -pipe -funroll-loops -fstrength-reduce -fomit-frame-pointer -ffast-math   conftest.c  >&5
configure:20086: $? = 0
configure:20090: test -z 
			 || test ! -s conftest.err
configure:20093: $? = 0
configure:20096: test -s conftest
configure:20099: $? = 0
configure:20111: result: yes
configure:20121: checking whether readv(2)/writev(2) facility has to be faked
configure:20162: result: no
configure:20170: checking for usleep
configure:20227: x86_64-nacl-gcc -o conftest -O2 -pipe -funroll-loops -fstrength-reduce -fomit-frame-pointer -ffast-math   conftest.c  >&5
configure:20233: $? = 0
configure:20237: test -z 
			 || test ! -s conftest.err
configure:20240: $? = 0
configure:20243: test -s conftest
configure:20246: $? = 0
configure:20258: result: yes
configure:20170: checking for strerror
configure:20227: x86_64-nacl-gcc -o conftest -O2 -pipe -funroll-loops -fstrength-reduce -fomit-frame-pointer -ffast-math   conftest.c  >&5
configure:20233: $? = 0
configure:20237: test -z 
			 || test ! -s conftest.err
configure:20240: $? = 0
configure:20243: test -s conftest
configure:20246: $? = 0
configure:20258: result: yes
configure:20285: checking sys/resource.h usability
configure:20297: x86_64-nacl-gcc -c -O2 -pipe -funroll-loops -fstrength-reduce -fomit-frame-pointer -ffast-math  conftest.c >&5
configure:20303: $? = 0
configure:20307: test -z 
			 || test ! -s conftest.err
configure:20310: $? = 0
configure:20313: test -s conftest.o
configure:20316: $? = 0
configure:20326: result: yes
configure:20330: checking sys/resource.h presence
configure:20340: x86_64-nacl-gcc -E  conftest.c
configure:20346: $? = 0
configure:20366: result: yes
configure:20401: checking for sys/resource.h
configure:20408: result: yes
configure:20285: checking net/errno.h usability
configure:20297: x86_64-nacl-gcc -c -O2 -pipe -funroll-loops -fstrength-reduce -fomit-frame-pointer -ffast-math  conftest.c >&5
conftest.c:86:23: error: net/errno.h: No such file or directory
configure:20303: $? = 1
configure: failed program was:
| /* confdefs.h.  */
| 
| #define PACKAGE_NAME ""
| #define PACKAGE_TARNAME ""
| #define PACKAGE_VERSION ""
| #define PACKAGE_STRING ""
| #define PACKAGE_BUGREPORT ""
| #define STDC_HEADERS 1
| #define HAVE_SYS_TYPES_H 1
| #define HAVE_SYS_STAT_H 1
| #define HAVE_STDLIB_H 1
| #define HAVE_STRING_H 1
| #define HAVE_MEMORY_H 1
| #define HAVE_STRINGS_H 1
| #define HAVE_INTTYPES_H 1
| #define HAVE_STDINT_H 1
| #define HAVE_UNISTD_H 1
| #define HAVE_DLFCN_H 1
| #ifdef __cplusplus
| extern "C" void exit (int) throw ();
| #endif
| #define STDC_HEADERS 1
| #define HAVE_STDIO_H 1
| #define HAVE_STDLIB_H 1
| #define HAVE_STDARG_H 1
| #define HAVE_STRING_H 1
| #define HAVE_SIGNAL_H 1
| #define HAVE_UNISTD_H 1
| #define HAVE_SETJMP_H 1
| #define HAVE_FCNTL_H 1
| #define HAVE_ERRNO_H 1
| #define HAVE_SYS_TYPES_H 1
| #define HAVE_SYS_TIME_H 1
| #define HAVE_SYS_WAIT_H 1
| #define HAVE_SYS_STAT_H 1
| #define HAVE_SYS_SOCKET_H 1
| #define HAVE_GETTIMEOFDAY 1
| #define HAVE_SELECT 1
| #define HAVE_SIGPROCMASK 1
| #define HAVE_SIGPENDING 1
| #define HAVE_SIGSUSPEND 1
| #define PTH_NSIG 32
| #define HAVE_POLL 1
| #define HAVE_POLLIN 1
| #define HAVE_SYS_UIO_H 1
| #define HAVE_READV 1
| #define HAVE_WRITEV 1
| #define HAVE_USLEEP 1
| #define HAVE_STRERROR 1
| #define HAVE_SYS_RESOURCE_H 1
| /* end confdefs.h.  */
| #include <stdio.h>
| #if HAVE_SYS_TYPES_H
| # include <sys/types.h>
| #endif
| #if HAVE_SYS_STAT_H
| # include <sys/stat.h>
| #endif
| #if STDC_HEADERS
| # include <stdlib.h>
| # include <stddef.h>
| #else
| # if HAVE_STDLIB_H
| #  include <stdlib.h>
| # endif
| #endif
| #if HAVE_STRING_H
| # if !STDC_HEADERS && HAVE_MEMORY_H
| #  include <memory.h>
| # endif
| # include <string.h>
| #endif
| #if HAVE_STRINGS_H
| # include <strings.h>
| #endif
| #if HAVE_INTTYPES_H
| # include <inttypes.h>
| #else
| # if HAVE_STDINT_H
| #  include <stdint.h>
| # endif
| #endif
| #if HAVE_UNISTD_H
| # include <unistd.h>
| #endif
| #include <net/errno.h>
configure:20326: result: no
configure:20330: checking net/errno.h presence
configure:20340: x86_64-nacl-gcc -E  conftest.c
conftest.c:52:23: error: net/errno.h: No such file or directory
configure:20346: $? = 1
configure: failed program was:
| /* confdefs.h.  */
| 
| #define PACKAGE_NAME ""
| #define PACKAGE_TARNAME ""
| #define PACKAGE_VERSION ""
| #define PACKAGE_STRING ""
| #define PACKAGE_BUGREPORT ""
| #define STDC_HEADERS 1
| #define HAVE_SYS_TYPES_H 1
| #define HAVE_SYS_STAT_H 1
| #define HAVE_STDLIB_H 1
| #define HAVE_STRING_H 1
| #define HAVE_MEMORY_H 1
| #define HAVE_STRINGS_H 1
| #define HAVE_INTTYPES_H 1
| #define HAVE_STDINT_H 1
| #define HAVE_UNISTD_H 1
| #define HAVE_DLFCN_H 1
| #ifdef __cplusplus
| extern "C" void exit (int) throw ();
| #endif
| #define STDC_HEADERS 1
| #define HAVE_STDIO_H 1
| #define HAVE_STDLIB_H 1
| #define HAVE_STDARG_H 1
| #define HAVE_STRING_H 1
| #define HAVE_SIGNAL_H 1
| #define HAVE_UNISTD_H 1
| #define HAVE_SETJMP_H 1
| #define HAVE_FCNTL_H 1
| #define HAVE_ERRNO_H 1
| #define HAVE_SYS_TYPES_H 1
| #define HAVE_SYS_TIME_H 1
| #define HAVE_SYS_WAIT_H 1
| #define HAVE_SYS_STAT_H 1
| #define HAVE_SYS_SOCKET_H 1
| #define HAVE_GETTIMEOFDAY 1
| #define HAVE_SELECT 1
| #define HAVE_SIGPROCMASK 1
| #define HAVE_SIGPENDING 1
| #define HAVE_SIGSUSPEND 1
| #define PTH_NSIG 32
| #define HAVE_POLL 1
| #define HAVE_POLLIN 1
| #define HAVE_SYS_UIO_H 1
| #define HAVE_READV 1
| #define HAVE_WRITEV 1
| #define HAVE_USLEEP 1
| #define HAVE_STRERROR 1
| #define HAVE_SYS_RESOURCE_H 1
| /* end confdefs.h.  */
| #include <net/errno.h>
configure:20366: result: no
configure:20401: checking for net/errno.h
configure:20408: result: no
configure:20285: checking paths.h usability
configure:20297: x86_64-nacl-gcc -c -O2 -pipe -funroll-loops -fstrength-reduce -fomit-frame-pointer -ffast-math  conftest.c >&5
configure:20303: $? = 0
configure:20307: test -z 
			 || test ! -s conftest.err
configure:20310: $? = 0
configure:20313: test -s conftest.o
configure:20316: $? = 0
configure:20326: result: yes
configure:20330: checking paths.h presence
configure:20340: x86_64-nacl-gcc -E  conftest.c
configure:20346: $? = 0
configure:20366: result: yes
configure:20401: checking for paths.h
configure:20408: result: yes
configure:20423: checking for gethostname in -lnsl
configure:20453: x86_64-nacl-gcc -o conftest -O2 -pipe -funroll-loops -fstrength-reduce -fomit-frame-pointer -ffast-math   conftest.c -lnsl   >&5
/tmp/ccEWKmF4.o: In function `main':
conftest.c:(.text+0x1c): warning: warning: gethostname is not implemented and will always fail
configure:20459: $? = 0
configure:20463: test -z 
			 || test ! -s conftest.err
configure:20466: $? = 0
configure:20469: test -s conftest
configure:20472: $? = 0
configure:20485: result: yes
configure:20573: checking for accept in -lsocket
configure:20603: x86_64-nacl-gcc -o conftest -O2 -pipe -funroll-loops -fstrength-reduce -fomit-frame-pointer -ffast-math   conftest.c -lsocket  -lnsl  >&5
/opt/zerovm/lib/gcc/x86_64-nacl/4.4.3/../../../../x86_64-nacl/bin/ld: cannot find -lsocket
collect2: ld returned 1 exit status
configure:20609: $? = 1
configure: failed program was:
| /* confdefs.h.  */
| 
| #define PACKAGE_NAME ""
| #define PACKAGE_TARNAME ""
| #define PACKAGE_VERSION ""
| #define PACKAGE_STRING ""
| #define PACKAGE_BUGREPORT ""
| #define STDC_HEADERS 1
| #define HAVE_SYS_TYPES_H 1
| #define HAVE_SYS_STAT_H 1
| #define HAVE_STDLIB_H 1
| #define HAVE_STRING_H 1
| #define HAVE_MEMORY_H 1
| #define HAVE_STRINGS_H 1
| #define HAVE_INTTYPES_H 1
| #define HAVE_STDINT_H 1
| #define HAVE_UNISTD_H 1
| #define HAVE_DLFCN_H 1
| #ifdef __cplusplus
| extern "C" void exit (int) throw ();
| #endif
| #define STDC_HEADERS 1
| #define HAVE_STDIO_H 1
| #define HAVE_STDLIB_H 1
| #define HAVE_STDARG_H 1
| #define HAVE_STRING_H 1
| #define HAVE_SIGNAL_H 1
| #define HAVE_UNISTD_H 1
| #define HAVE_SETJMP_H 1
| #define HAVE_FCNTL_H 1
| #define HAVE_ERRNO_H 1
| #define HAVE_SYS_TYPES_H 1
| #define HAVE_SYS_TIME_H 1
| #define HAVE_SYS_WAIT_H 1
| #define HAVE_SYS_STAT_H 1
| #define HAVE_SYS_SOCKET_H 1
| #define HAVE_GETTIMEOFDAY 1
| #define HAVE_SELECT 1
| #define HAVE_SIGPROCMASK 1
| #define HAVE_SIGPENDING 1
| #define HAVE_SIGSUSPEND 1
| #define PTH_NSIG 32
| #define HAVE_POLL 1
| #define HAVE_POLLIN 1
| #define HAVE_SYS_UIO_H 1
| #define HAVE_READV 1
| #define HAVE_WRITEV 1
| #define HAVE_USLEEP 1
| #define HAVE_STRERROR 1
| #define HAVE_SYS_RESOURCE_H 1
| #define HAVE_PATHS_H 1
| #define HAVE_LIBNSL 1
| /* end confdefs.h.  */
| 
| /* Override any gcc2 internal prototype to avoid an error.  */
| #ifdef __cplusplus
| extern "C"
| #endif
| /* We use char because int might match the return type of a gcc2
|    builtin and then its argument prototype would still apply.  */
| char accept ();
| int
| main ()
| {
| accept ();
|   ;
|   return 0;
| }
configure:20635: result: no
configure:20661: checking sys/select.h usability
configure:20673: x86_64-nacl-gcc -c -O2 -pipe -funroll-loops -fstrength-reduce -fomit-frame-pointer -ffast-math  conftest.c >&5
configure:20679: $? = 0
configure:20683: test -z 
			 || test ! -s conftest.err
configure:20686: $? = 0
configure:20689: test -s conftest.o
configure:20692: $? = 0
configure:20702: result: yes
configure:20706: checking sys/select.h presence
configure:20716: x86_64-nacl-gcc -E  conftest.c
configure:20722: $? = 0
configure:20742: result: yes
configure:20777: checking for sys/select.h
configure:20784: result: yes
configure:20803: checking for typedef sig_atomic_t
configure:20827: result: yes
configure:20843: checking for typedef pid_t
configure:20867: result: yes
configure:20883: checking for typedef size_t
configure:20907: result: yes
configure:20923: checking for typedef ssize_t
configure:20947: result: yes
configure:20963: checking for typedef off_t
configure:20987: result: yes
configure:21003: checking for typedef stack_t
configure:21027: result: yes
configure:21038: checking for attribute ss_base in struct sigaltstack from sys/signal.h
configure:21066: x86_64-nacl-gcc -o conftest -O2 -pipe -funroll-loops -fstrength-reduce -fomit-frame-pointer -ffast-math   conftest.c -lnsl  >&5
conftest.c: In function 'main':
conftest.c:71: error: 'struct sigaltstack' has no member named 'ss_base'
conftest.c:71: error: 'struct sigaltstack' has no member named 'ss_base'
configure:21072: $? = 1
configure: failed program was:
| /* confdefs.h.  */
| 
| #define PACKAGE_NAME ""
| #define PACKAGE_TARNAME ""
| #define PACKAGE_VERSION ""
| #define PACKAGE_STRING ""
| #define PACKAGE_BUGREPORT ""
| #define STDC_HEADERS 1
| #define HAVE_SYS_TYPES_H 1
| #define HAVE_SYS_STAT_H 1
| #define HAVE_STDLIB_H 1
| #define HAVE_STRING_H 1
| #define HAVE_MEMORY_H 1
| #define HAVE_STRINGS_H 1
| #define HAVE_INTTYPES_H 1
| #define HAVE_STDINT_H 1
| #define HAVE_UNISTD_H 1
| #define HAVE_DLFCN_H 1
| #ifdef __cplusplus
| extern "C" void exit (int) throw ();
| #endif
| #define STDC_HEADERS 1
| #define HAVE_STDIO_H 1
| #define HAVE_STDLIB_H 1
| #define HAVE_STDARG_H 1
| #define HAVE_STRING_H 1
| #define HAVE_SIGNAL_H 1
| #define HAVE_UNISTD_H 1
| #define HAVE_SETJMP_H 1
| #define HAVE_FCNTL_H 1
| #define HAVE_ERRNO_H 1
| #define HAVE_SYS_TYPES_H 1
| #define HAVE_SYS_TIME_H 1
| #define HAVE_SYS_WAIT_H 1
| #define HAVE_SYS_STAT_H 1
| #define HAVE_SYS_SOCKET_H 1
| #define HAVE_GETTIMEOFDAY 1
| #define HAVE_SELECT 1
| #define HAVE_SIGPROCMASK 1
| #define HAVE_SIGPENDING 1
| #define HAVE_SIGSUSPEND 1
| #define PTH_NSIG 32
| #define HAVE_POLL 1
| #define HAVE_POLLIN 1
| #define HAVE_SYS_UIO_H 1
| #define HAVE_READV 1
| #define HAVE_WRITEV 1
| #define HAVE_USLEEP 1
| #define HAVE_STRERROR 1
| #define HAVE_SYS_RESOURCE_H 1
| #define HAVE_PATHS_H 1
| #define HAVE_LIBNSL 1
| #define HAVE_SYS_SELECT_H 1
| #define HAVE_SIG_ATOMIC_T 1
| #define HAVE_PID_T 1
| #define HAVE_SIZE_T 1
| #define HAVE_SSIZE_T 1
| #define HAVE_OFF_T 1
| #define HAVE_STACK_T 1
| /* end confdefs.h.  */
| 
| #include <sys/types.h>
| #include <sys/signal.h>
| 
| int
| main ()
| {
| 
| struct sigaltstack *sp1;
| struct sigaltstack *sp2;
| sp1->ss_base = sp2->ss_base;
| 
|   ;
|   return 0;
| }
configure:21097: result: no
configure:21107: checking for attribute ss_sp in struct sigaltstack from sys/signal.h
configure:21135: x86_64-nacl-gcc -o conftest -O2 -pipe -funroll-loops -fstrength-reduce -fomit-frame-pointer -ffast-math   conftest.c -lnsl  >&5
configure:21141: $? = 0
configure:21145: test -z 
			 || test ! -s conftest.err
configure:21148: $? = 0
configure:21151: test -s conftest
configure:21154: $? = 0
configure:21166: result: yes
configure:21177: checking for a single-argument based gettimeofday
configure:21203: x86_64-nacl-gcc -c -O2 -pipe -funroll-loops -fstrength-reduce -fomit-frame-pointer -ffast-math  conftest.c >&5
conftest.c: In function 'main':
conftest.c:72: error: too few arguments to function 'gettimeofday'
configure:21209: $? = 1
configure: failed program was:
| /* confdefs.h.  */
| 
| #define PACKAGE_NAME ""
| #define PACKAGE_TARNAME ""
| #define PACKAGE_VERSION ""
| #define PACKAGE_STRING ""
| #define PACKAGE_BUGREPORT ""
| #define STDC_HEADERS 1
| #define HAVE_SYS_TYPES_H 1
| #define HAVE_SYS_STAT_H 1
| #define HAVE_STDLIB_H 1
| #define HAVE_STRING_H 1
| #define HAVE_MEMORY_H 1
| #define HAVE_STRINGS_H 1
| #define HAVE_INTTYPES_H 1
| #define HAVE_STDINT_H 1
| #define HAVE_UNISTD_H 1
| #define HAVE_DLFCN_H 1
| #ifdef __cplusplus
| extern "C" void exit (int) throw ();
| #endif
| #define STDC_HEADERS 1
| #define HAVE_STDIO_H 1
| #define HAVE_STDLIB_H 1
| #define HAVE_STDARG_H 1
| #define HAVE_STRING_H 1
| #define HAVE_SIGNAL_H 1
| #define HAVE_UNISTD_H 1
| #define HAVE_SETJMP_H 1
| #define HAVE_FCNTL_H 1
| #define HAVE_ERRNO_H 1
| #define HAVE_SYS_TYPES_H 1
| #define HAVE_SYS_TIME_H 1
| #define HAVE_SYS_WAIT_H 1
| #define HAVE_SYS_STAT_H 1
| #define HAVE_SYS_SOCKET_H 1
| #define HAVE_GETTIMEOFDAY 1
| #define HAVE_SELECT 1
| #define HAVE_SIGPROCMASK 1
| #define HAVE_SIGPENDING 1
| #define HAVE_SIGSUSPEND 1
| #define PTH_NSIG 32
| #define HAVE_POLL 1
| #define HAVE_POLLIN 1
| #define HAVE_SYS_UIO_H 1
| #define HAVE_READV 1
| #define HAVE_WRITEV 1
| #define HAVE_USLEEP 1
| #define HAVE_STRERROR 1
| #define HAVE_SYS_RESOURCE_H 1
| #define HAVE_PATHS_H 1
| #define HAVE_LIBNSL 1
| #define HAVE_SYS_SELECT_H 1
| #define HAVE_SIG_ATOMIC_T 1
| #define HAVE_PID_T 1
| #define HAVE_SIZE_T 1
| #define HAVE_SSIZE_T 1
| #define HAVE_OFF_T 1
| #define HAVE_STACK_T 1
| #define HAVE_SS_SP 1
| /* end confdefs.h.  */
| 
| #include <sys/types.h>
| #include <sys/time.h>
| #include <unistd.h>
| 
| int
| main ()
| {
| 
| struct timeval tv;
| (void)gettimeofday(&tv);
| 
|   ;
|   return 0;
| }
configure:21245: result: no
configure:21248: checking for struct timespec
configure:21272: x86_64-nacl-gcc -c -O2 -pipe -funroll-loops -fstrength-reduce -fomit-frame-pointer -ffast-math  conftest.c >&5
configure:21278: $? = 0
configure:21282: test -z 
			 || test ! -s conftest.err
configure:21285: $? = 0
configure:21288: test -s conftest.o
configure:21291: $? = 0
configure:21310: result: yes
configure:21313: checking for typedef socklen_t
configure:21337: result: yes
configure:21347: checking for type of argument 3 for accept()
configure:21407: result: socklen_t *__restrict
configure:21412: checking for fallback socklen_t
configure:21428: result: socklen_t
configure:21440: checking for typedef nfds_t
configure:21464: result: yes
configure:21474: checking for type of argument 2 for poll()
configure:21534: result: nfds_t
configure:21539: checking for fallback nfds_t
configure:21555: result: nfds_t
configure:21567: checking for built-in type long long
configure:21593: x86_64-nacl-gcc -o conftest -O2 -pipe -funroll-loops -fstrength-reduce -fomit-frame-pointer -ffast-math   conftest.c -lnsl  >&5
configure:21599: $? = 0
configure:21603: test -z 
			 || test ! -s conftest.err
configure:21606: $? = 0
configure:21609: test -s conftest
configure:21612: $? = 0
configure:21625: result: yes
configure:21635: checking for built-in type long double
configure:21661: x86_64-nacl-gcc -o conftest -O2 -pipe -funroll-loops -fstrength-reduce -fomit-frame-pointer -ffast-math   conftest.c -lnsl  >&5
configure:21667: $? = 0
configure:21671: test -z 
			 || test ! -s conftest.err
configure:21674: $? = 0
configure:21677: test -s conftest
configure:21680: $? = 0
configure:21693: result: yes
configure:21706: result: 
configure:21708: result: Machine Context Implementation:
configure:21714: checking for ucontext.h
configure:21730: x86_64-nacl-gcc -c -O2 -pipe -funroll-loops -fstrength-reduce -fomit-frame-pointer -ffast-math  conftest.c >&5
configure:21736: $? = 0
configure:21740: test -z 
			 || test ! -s conftest.err
configure:21743: $? = 0
configure:21746: test -s conftest.o
configure:21749: $? = 0
configure:21760: result: yes
configure:21771: checking for makecontext
configure:21828: x86_64-nacl-gcc -o conftest -O2 -pipe -funroll-loops -fstrength-reduce -fomit-frame-pointer -ffast-math   conftest.c -lnsl  >&5
configure:21834: $? = 0
configure:21838: test -z 
			 || test ! -s conftest.err
configure:21841: $? = 0
configure:21844: test -s conftest
configure:21847: $? = 0
configure:21859: result: yes
configure:21771: checking for swapcontext
configure:21828: x86_64-nacl-gcc -o conftest -O2 -pipe -funroll-loops -fstrength-reduce -fomit-frame-pointer -ffast-math   conftest.c -lnsl  >&5
configure:21834: $? = 0
configure:21838: test -z 
			 || test ! -s conftest.err
configure:21841: $? = 0
configure:21844: test -s conftest
configure:21847: $? = 0
configure:21859: result: yes
configure:21771: checking for getcontext
configure:21828: x86_64-nacl-gcc -o conftest -O2 -pipe -funroll-loops -fstrength-reduce -fomit-frame-pointer -ffast-math   conftest.c -lnsl  >&5
configure:21834: $? = 0
configure:21838: test -z 
			 || test ! -s conftest.err
configure:21841: $? = 0
configure:21844: test -s conftest
configure:21847: $? = 0
configure:21859: result: yes
configure:21771: checking for setcontext
configure:21828: x86_64-nacl-gcc -o conftest -O2 -pipe -funroll-loops -fstrength-reduce -fomit-frame-pointer -ffast-math   conftest.c -lnsl  >&5
configure:21834: $? = 0
configure:21838: test -z 
			 || test ! -s conftest.err
configure:21841: $? = 0
configure:21844: test -s conftest
configure:21847: $? = 0
configure:21859: result: yes
configure:21870: checking for usable SVR4/SUSv2 makecontext(2)/swapcontext(2)
configure:21941: x86_64-nacl-gcc -o conftest -O2 -pipe -funroll-loops -fstrength-reduce -fomit-frame-pointer -ffast-math   conftest.c -lnsl  >&5
conftest.c: In function 'main':
conftest.c:108: warning: passing argument 2 of 'makecontext' from incompatible pointer type
/opt/zerovm/lib/gcc/x86_64-nacl/4.4.3/../../../../x86_64-nacl/include/ucontext.h:48: note: expected 'void (*)(void)' but argument is of type 'void (*)(void *)'
configure:21944: $? = 0
configure:21946: ./conftest
./configure: line 21947: 18610 Segmentation fault      (core dumped) ./conftest$ac_exeext
configure:21949: $? = 139
configure: program exited with status 139
configure: failed program was:
| /* confdefs.h.  */
| 
| #define PACKAGE_NAME ""
| #define PACKAGE_TARNAME ""
| #define PACKAGE_VERSION ""
| #define PACKAGE_STRING ""
| #define PACKAGE_BUGREPORT ""
| #define STDC_HEADERS 1
| #define HAVE_SYS_TYPES_H 1
| #define HAVE_SYS_STAT_H 1
| #define HAVE_STDLIB_H 1
| #define HAVE_STRING_H 1
| #define HAVE_MEMORY_H 1
| #define HAVE_STRINGS_H 1
| #define HAVE_INTTYPES_H 1
| #define HAVE_STDINT_H 1
| #define HAVE_UNISTD_H 1
| #define HAVE_DLFCN_H 1
| #ifdef __cplusplus
| extern "C" void exit (int) throw ();
| #endif
| #define STDC_HEADERS 1
| #define HAVE_STDIO_H 1
| #define HAVE_STDLIB_H 1
| #define HAVE_STDARG_H 1
| #define HAVE_STRING_H 1
| #define HAVE_SIGNAL_H 1
| #define HAVE_UNISTD_H 1
| #define HAVE_SETJMP_H 1
| #define HAVE_FCNTL_H 1
| #define HAVE_ERRNO_H 1
| #define HAVE_SYS_TYPES_H 1
| #define HAVE_SYS_TIME_H 1
| #define HAVE_SYS_WAIT_H 1
| #define HAVE_SYS_STAT_H 1
| #define HAVE_SYS_SOCKET_H 1
| #define HAVE_GETTIMEOFDAY 1
| #define HAVE_SELECT 1
| #define HAVE_SIGPROCMASK 1
| #define HAVE_SIGPENDING 1
| #define HAVE_SIGSUSPEND 1
| #define PTH_NSIG 32
| #define HAVE_POLL 1
| #define HAVE_POLLIN 1
| #define HAVE_SYS_UIO_H 1
| #define HAVE_READV 1
| #define HAVE_WRITEV 1
| #define HAVE_USLEEP 1
| #define HAVE_STRERROR 1
| #define HAVE_SYS_RESOURCE_H 1
| #define HAVE_PATHS_H 1
| #define HAVE_LIBNSL 1
| #define HAVE_SYS_SELECT_H 1
| #define HAVE_SIG_ATOMIC_T 1
| #define HAVE_PID_T 1
| #define HAVE_SIZE_T 1
| #define HAVE_SSIZE_T 1
| #define HAVE_OFF_T 1
| #define HAVE_STACK_T 1
| #define HAVE_SS_SP 1
| #define HAVE_STRUCT_TIMESPEC 1
| #define HAVE_SOCKLEN_T 1
| #define HAVE_NFDS_T 1
| #define HAVE_LONGLONG 1
| #define HAVE_LONGDOUBLE 1
| #define HAVE_MAKECONTEXT 1
| #define HAVE_SWAPCONTEXT 1
| #define HAVE_GETCONTEXT 1
| #define HAVE_SETCONTEXT 1
| /* end confdefs.h.  */
| 
| 
| #include <stdio.h>
| #include <stdlib.h>
| #include <ucontext.h>
| 
| ucontext_t uc_child;
| ucontext_t uc_main;
| 
| void child(void *arg)
| {
|     if (arg != (void *)12345)
|         exit(1);
|     if (swapcontext(&uc_child, &uc_main) != 0)
|         exit(1);
| }
| 
| int main(int argc, char *argv[])
| {
|     FILE *fp;
|     void *stack;
| 
|     /* the default is that it fails */
|     if ((fp = fopen("conftestval", "w")) == NULL)
|         exit(1);
|     fprintf(fp, "no\n");
|     fclose(fp);
| 
|     /* configure a child user-space context */
|     if ((stack = malloc(64*1024)) == NULL)
|         exit(1);
|     if (getcontext(&uc_child) != 0)
|         exit(1);
|     uc_child.uc_link = NULL;
|     uc_child.uc_stack.ss_sp = (char *)stack+(32*1024);
|     uc_child.uc_stack.ss_size = 32*1024;
|     uc_child.uc_stack.ss_flags = 0;
|     makecontext(&uc_child, child, 2, (void *)12345);
| 
|     /* switch into the user context */
|     if (swapcontext(&uc_main, &uc_child) != 0)
|         exit(1);
| 
|     /* Fine, child came home */
|     if ((fp = fopen("conftestval", "w")) == NULL)
|         exit(1);
|     fprintf(fp, "yes\n");
|     fclose(fp);
| 
|     /* die successfully */
|     exit(0);
| }
| 
configure:21963: result: no
configure:21977: checking for signal.h
configure:21982: result: yes
configure:22131: checking for sigsetjmp
configure:22188: x86_64-nacl-gcc -o conftest -O2 -pipe -funroll-loops -fstrength-reduce -fomit-frame-pointer -ffast-math   conftest.c -lnsl  >&5
/tmp/cc4PZQLM.o: In function `main':
conftest.c:(.text+0x8): undefined reference to `sigsetjmp'
/tmp/cc4PZQLM.o:(.data+0x0): undefined reference to `sigsetjmp'
collect2: ld returned 1 exit status
configure:22194: $? = 1
configure: failed program was:
| /* confdefs.h.  */
| 
| #define PACKAGE_NAME ""
| #define PACKAGE_TARNAME ""
| #define PACKAGE_VERSION ""
| #define PACKAGE_STRING ""
| #define PACKAGE_BUGREPORT ""
| #define STDC_HEADERS 1
| #define HAVE_SYS_TYPES_H 1
| #define HAVE_SYS_STAT_H 1
| #define HAVE_STDLIB_H 1
| #define HAVE_STRING_H 1
| #define HAVE_MEMORY_H 1
| #define HAVE_STRINGS_H 1
| #define HAVE_INTTYPES_H 1
| #define HAVE_STDINT_H 1
| #define HAVE_UNISTD_H 1
| #define HAVE_DLFCN_H 1
| #ifdef __cplusplus
| extern "C" void exit (int) throw ();
| #endif
| #define STDC_HEADERS 1
| #define HAVE_STDIO_H 1
| #define HAVE_STDLIB_H 1
| #define HAVE_STDARG_H 1
| #define HAVE_STRING_H 1
| #define HAVE_SIGNAL_H 1
| #define HAVE_UNISTD_H 1
| #define HAVE_SETJMP_H 1
| #define HAVE_FCNTL_H 1
| #define HAVE_ERRNO_H 1
| #define HAVE_SYS_TYPES_H 1
| #define HAVE_SYS_TIME_H 1
| #define HAVE_SYS_WAIT_H 1
| #define HAVE_SYS_STAT_H 1
| #define HAVE_SYS_SOCKET_H 1
| #define HAVE_GETTIMEOFDAY 1
| #define HAVE_SELECT 1
| #define HAVE_SIGPROCMASK 1
| #define HAVE_SIGPENDING 1
| #define HAVE_SIGSUSPEND 1
| #define PTH_NSIG 32
| #define HAVE_POLL 1
| #define HAVE_POLLIN 1
| #define HAVE_SYS_UIO_H 1
| #define HAVE_READV 1
| #define HAVE_WRITEV 1
| #define HAVE_USLEEP 1
| #define HAVE_STRERROR 1
| #define HAVE_SYS_RESOURCE_H 1
| #define HAVE_PATHS_H 1
| #define HAVE_LIBNSL 1
| #define HAVE_SYS_SELECT_H 1
| #define HAVE_SIG_ATOMIC_T 1
| #define HAVE_PID_T 1
| #define HAVE_SIZE_T 1
| #define HAVE_SSIZE_T 1
| #define HAVE_OFF_T 1
| #define HAVE_STACK_T 1
| #define HAVE_SS_SP 1
| #define HAVE_STRUCT_TIMESPEC 1
| #define HAVE_SOCKLEN_T 1
| #define HAVE_NFDS_T 1
| #define HAVE_LONGLONG 1
| #define HAVE_LONGDOUBLE 1
| #define HAVE_MAKECONTEXT 1
| #define HAVE_SWAPCONTEXT 1
| #define HAVE_GETCONTEXT 1
| #define HAVE_SETCONTEXT 1
| #define HAVE_SIGNAL_H 1
| /* end confdefs.h.  */
| /* Define sigsetjmp to an innocuous variant, in case <limits.h> declares sigsetjmp.
|    For example, HP-UX 11i <limits.h> declares gettimeofday.  */
| #define sigsetjmp innocuous_sigsetjmp
| 
| /* System header to define __stub macros and hopefully few prototypes,
|     which can conflict with char sigsetjmp (); below.
|     Prefer <limits.h> to <assert.h> if __STDC__ is defined, since
|     <limits.h> exists even on freestanding compilers.  */
| 
| #ifdef __STDC__
| # include <limits.h>
| #else
| # include <assert.h>
| #endif
| 
| #undef sigsetjmp
| 
| /* Override any gcc2 internal prototype to avoid an error.  */
| #ifdef __cplusplus
| extern "C"
| {
| #endif
| /* We use char because int might match the return type of a gcc2
|    builtin and then its argument prototype would still apply.  */
| char sigsetjmp ();
| /* The GNU C library defines this for functions which it implements
|     to always fail with ENOSYS.  Some functions are actually named
|     something starting with __ and the normal name is an alias.  */
| #if defined (__stub_sigsetjmp) || defined (__stub___sigsetjmp)
| choke me
| #else
| char (*f) () = sigsetjmp;
| #endif
| #ifdef __cplusplus
| }
| #endif
| 
| int
| main ()
| {
| return f != sigsetjmp;
|   ;
|   return 0;
| }
configure:22219: result: no
configure:22131: checking for siglongjmp
configure:22188: x86_64-nacl-gcc -o conftest -O2 -pipe -funroll-loops -fstrength-reduce -fomit-frame-pointer -ffast-math   conftest.c -lnsl  >&5
configure:22194: $? = 0
configure:22198: test -z 
			 || test ! -s conftest.err
configure:22201: $? = 0
configure:22204: test -s conftest
configure:22207: $? = 0
configure:22219: result: yes
configure:22131: checking for setjmp
configure:22188: x86_64-nacl-gcc -o conftest -O2 -pipe -funroll-loops -fstrength-reduce -fomit-frame-pointer -ffast-math   conftest.c -lnsl  >&5
configure:22194: $? = 0
configure:22198: test -z 
			 || test ! -s conftest.err
configure:22201: $? = 0
configure:22204: test -s conftest
configure:22207: $? = 0
configure:22219: result: yes
configure:22131: checking for longjmp
configure:22188: x86_64-nacl-gcc -o conftest -O2 -pipe -funroll-loops -fstrength-reduce -fomit-frame-pointer -ffast-math   conftest.c -lnsl  >&5
configure:22194: $? = 0
configure:22198: test -z 
			 || test ! -s conftest.err
configure:22201: $? = 0
configure:22204: test -s conftest
configure:22207: $? = 0
configure:22219: result: yes
configure:22131: checking for _setjmp
configure:22188: x86_64-nacl-gcc -o conftest -O2 -pipe -funroll-loops -fstrength-reduce -fomit-frame-pointer -ffast-math   conftest.c -lnsl  >&5
configure:22194: $? = 0
configure:22198: test -z 
			 || test ! -s conftest.err
configure:22201: $? = 0
configure:22204: test -s conftest
configure:22207: $? = 0
configure:22219: result: yes
configure:22131: checking for _longjmp
configure:22188: x86_64-nacl-gcc -o conftest -O2 -pipe -funroll-loops -fstrength-reduce -fomit-frame-pointer -ffast-math   conftest.c -lnsl  >&5
configure:22194: $? = 0
configure:22198: test -z 
			 || test ! -s conftest.err
configure:22201: $? = 0
configure:22204: test -s conftest
configure:22207: $? = 0
configure:22219: result: yes
configure:22234: checking for sigaltstack
configure:22291: x86_64-nacl-gcc -o conftest -O2 -pipe -funroll-loops -fstrength-reduce -fomit-frame-pointer -ffast-math   conftest.c -lnsl  >&5
configure:22297: $? = 0
configure:22301: test -z 
			 || test ! -s conftest.err
configure:22304: $? = 0
configure:22307: test -s conftest
configure:22310: $? = 0
configure:22322: result: yes
configure:22234: checking for sigstack
configure:22291: x86_64-nacl-gcc -o conftest -O2 -pipe -funroll-loops -fstrength-reduce -fomit-frame-pointer -ffast-math   conftest.c -lnsl  >&5
/tmp/ccJsagdL.o: In function `main':
conftest.c:(.text+0x8): warning: the `sigstack' function is dangerous.  `sigaltstack' should be used instead.
configure:22297: $? = 0
configure:22301: test -z 
			 || test ! -s conftest.err
configure:22304: $? = 0
configure:22307: test -s conftest
configure:22310: $? = 0
configure:22322: result: yes
configure:22332: checking for signal-mask aware setjmp(3)/longjmp(3)
configure:22484: x86_64-nacl-gcc -o conftest -O2 -pipe -funroll-loops -fstrength-reduce -fomit-frame-pointer -ffast-math -DTEST_ssjlj   conftest.c -lnsl  >&5
conftest.c: In function 'sighandler':
conftest.c:111: warning: incompatible implicit declaration of built-in function 'exit'
conftest.c: In function 'main':
conftest.c:130: warning: incompatible implicit declaration of built-in function 'exit'
conftest.c:144: warning: incompatible implicit declaration of built-in function 'memset'
/tmp/ccFMJr9y.o: In function `main':
conftest.c:(.text+0x25c): warning: warning: sigaction is not implemented and will always fail
conftest.c:(.text+0x29c): warning: warning: kill is not implemented and will always fail
configure:22487: $? = 0
configure:22489: ./conftest
./configure: line 22490: 18916 Segmentation fault      (core dumped) ./conftest$ac_exeext
configure:22492: $? = 139
configure: program exited with status 139
configure: failed program was:
| /* confdefs.h.  */
| 
| #define PACKAGE_NAME ""
| #define PACKAGE_TARNAME ""
| #define PACKAGE_VERSION ""
| #define PACKAGE_STRING ""
| #define PACKAGE_BUGREPORT ""
| #define STDC_HEADERS 1
| #define HAVE_SYS_TYPES_H 1
| #define HAVE_SYS_STAT_H 1
| #define HAVE_STDLIB_H 1
| #define HAVE_STRING_H 1
| #define HAVE_MEMORY_H 1
| #define HAVE_STRINGS_H 1
| #define HAVE_INTTYPES_H 1
| #define HAVE_STDINT_H 1
| #define HAVE_UNISTD_H 1
| #define HAVE_DLFCN_H 1
| #ifdef __cplusplus
| extern "C" void exit (int) throw ();
| #endif
| #define STDC_HEADERS 1
| #define HAVE_STDIO_H 1
| #define HAVE_STDLIB_H 1
| #define HAVE_STDARG_H 1
| #define HAVE_STRING_H 1
| #define HAVE_SIGNAL_H 1
| #define HAVE_UNISTD_H 1
| #define HAVE_SETJMP_H 1
| #define HAVE_FCNTL_H 1
| #define HAVE_ERRNO_H 1
| #define HAVE_SYS_TYPES_H 1
| #define HAVE_SYS_TIME_H 1
| #define HAVE_SYS_WAIT_H 1
| #define HAVE_SYS_STAT_H 1
| #define HAVE_SYS_SOCKET_H 1
| #define HAVE_GETTIMEOFDAY 1
| #define HAVE_SELECT 1
| #define HAVE_SIGPROCMASK 1
| #define HAVE_SIGPENDING 1
| #define HAVE_SIGSUSPEND 1
| #define PTH_NSIG 32
| #define HAVE_POLL 1
| #define HAVE_POLLIN 1
| #define HAVE_SYS_UIO_H 1
| #define HAVE_READV 1
| #define HAVE_WRITEV 1
| #define HAVE_USLEEP 1
| #define HAVE_STRERROR 1
| #define HAVE_SYS_RESOURCE_H 1
| #define HAVE_PATHS_H 1
| #define HAVE_LIBNSL 1
| #define HAVE_SYS_SELECT_H 1
| #define HAVE_SIG_ATOMIC_T 1
| #define HAVE_PID_T 1
| #define HAVE_SIZE_T 1
| #define HAVE_SSIZE_T 1
| #define HAVE_OFF_T 1
| #define HAVE_STACK_T 1
| #define HAVE_SS_SP 1
| #define HAVE_STRUCT_TIMESPEC 1
| #define HAVE_SOCKLEN_T 1
| #define HAVE_NFDS_T 1
| #define HAVE_LONGLONG 1
| #define HAVE_LONGDOUBLE 1
| #define HAVE_MAKECONTEXT 1
| #define HAVE_SWAPCONTEXT 1
| #define HAVE_GETCONTEXT 1
| #define HAVE_SETCONTEXT 1
| #define HAVE_SIGNAL_H 1
| #define HAVE_SIGLONGJMP 1
| #define HAVE_SETJMP 1
| #define HAVE_LONGJMP 1
| #define HAVE__SETJMP 1
| #define HAVE__LONGJMP 1
| #define HAVE_SIGALTSTACK 1
| #define HAVE_SIGSTACK 1
| /* end confdefs.h.  */
| 
| #if defined(TEST_ssjlj)
| #define __JMP_BUF          sigjmp_buf
| #define __SETJMP(buf)      sigsetjmp(buf,1)
| #define __LONGJMP(buf,val) siglongjmp(buf,val)
| #elif defined(TEST_sjlj)
| #define __JMP_BUF          jmp_buf
| #define __SETJMP(buf)      setjmp(buf)
| #define __LONGJMP(buf,val) longjmp(buf,val)
| #elif defined(TEST_usjlj)
| #define __JMP_BUF          jmp_buf
| #define __SETJMP(buf)      _setjmp(buf)
| #define __LONGJMP(buf,val) _longjmp(buf,val)
| #endif
| 
| #include <stdio.h>
| #include <sys/types.h>
| #include <signal.h>
| #include <setjmp.h>
| #include <unistd.h>
| 
| static __JMP_BUF jb;
| 
| static void sighandler(int sig)
| {
|     sigset_t sigs;
| 
|     /* get signal mask */
|     sigprocmask(SIG_SETMASK, NULL, &sigs);
| 
|     /* make sure USR1 is still blocked */
|     if (!sigismember(&sigs, SIGUSR1))
|         exit(1);
| 
|     /* block USR2 for us */
|     sigaddset(&sigs, SIGUSR2);
|     sigprocmask(SIG_SETMASK, &sigs, NULL);
| 
|     /* jump back to main */
|     __LONGJMP(jb, 1);
|     exit(1);
| }
| 
| int main(int argc, char *argv[])
| {
|     FILE *fp;
|     sigset_t sigs;
|     struct sigaction sa;
| 
|     /* the default is that it fails */
|     if ((fp = fopen("conftestval", "w")) == NULL)
|         exit(1);
|     fprintf(fp, "failed\n");
|     fclose(fp);
| 
|     /* block USR1 and unblock USR2 signal */
|     sigprocmask(SIG_SETMASK, NULL, &sigs);
|     sigaddset(&sigs, SIGUSR1);
|     sigdelset(&sigs, SIGUSR2);
|     sigprocmask(SIG_SETMASK, &sigs, NULL);
| 
|     /* set jump buffer */
|     if (__SETJMP(jb) == 0) {
| 
|         /* install signal handler for USR1 */
|         memset((void *)&sa, 0, sizeof(struct sigaction));
|         sigemptyset(&sa.sa_mask);
|         sa.sa_handler = sighandler;
|         sa.sa_flags = 0;
|         sigaction(SIGUSR1, &sa, NULL);
| 
|         /* send USR1 signal (which is still blocked) */
|         kill(getpid(), SIGUSR1);
| 
|         /* unblock USR1 and wait for it */
|         sigprocmask(SIG_SETMASK, NULL, &sigs);
|         sigdelset(&sigs, SIGUSR1);
|         sigsuspend(&sigs);
|         exit(1);
|     }
| 
|     /* get signal mask again */
|     sigprocmask(SIG_SETMASK, NULL, &sigs);
| 
|     /* make sure USR2 is again unblocked */
|     if (sigismember(&sigs, SIGUSR2))
|         exit(1);
| 
|     /* Fine... */
|     if ((fp = fopen("conftestval", "w")) == NULL)
|         exit(1);
|     fprintf(fp, "ok\n");
|     fclose(fp);
|     exit(0);
| }
| 
| 
configure:22484: x86_64-nacl-gcc -o conftest -O2 -pipe -funroll-loops -fstrength-reduce -fomit-frame-pointer -ffast-math -DTEST_sjlj   conftest.c -lnsl  >&5
conftest.c: In function 'sighandler':
conftest.c:111: warning: incompatible implicit declaration of built-in function 'exit'
conftest.c: In function 'main':
conftest.c:130: warning: incompatible implicit declaration of built-in function 'exit'
conftest.c:144: warning: incompatible implicit declaration of built-in function 'memset'
/tmp/ccScG5hl.o: In function `main':
conftest.c:(.text+0x25c): warning: warning: sigaction is not implemented and will always fail
conftest.c:(.text+0x29c): warning: warning: kill is not implemented and will always fail
configure:22487: $? = 0
configure:22489: ./conftest
./configure: line 22490: 18936 Segmentation fault      (core dumped) ./conftest$ac_exeext
configure:22492: $? = 139
configure: program exited with status 139
configure: failed program was:
| /* confdefs.h.  */
| 
| #define PACKAGE_NAME ""
| #define PACKAGE_TARNAME ""
| #define PACKAGE_VERSION ""
| #define PACKAGE_STRING ""
| #define PACKAGE_BUGREPORT ""
| #define STDC_HEADERS 1
| #define HAVE_SYS_TYPES_H 1
| #define HAVE_SYS_STAT_H 1
| #define HAVE_STDLIB_H 1
| #define HAVE_STRING_H 1
| #define HAVE_MEMORY_H 1
| #define HAVE_STRINGS_H 1
| #define HAVE_INTTYPES_H 1
| #define HAVE_STDINT_H 1
| #define HAVE_UNISTD_H 1
| #define HAVE_DLFCN_H 1
| #ifdef __cplusplus
| extern "C" void exit (int) throw ();
| #endif
| #define STDC_HEADERS 1
| #define HAVE_STDIO_H 1
| #define HAVE_STDLIB_H 1
| #define HAVE_STDARG_H 1
| #define HAVE_STRING_H 1
| #define HAVE_SIGNAL_H 1
| #define HAVE_UNISTD_H 1
| #define HAVE_SETJMP_H 1
| #define HAVE_FCNTL_H 1
| #define HAVE_ERRNO_H 1
| #define HAVE_SYS_TYPES_H 1
| #define HAVE_SYS_TIME_H 1
| #define HAVE_SYS_WAIT_H 1
| #define HAVE_SYS_STAT_H 1
| #define HAVE_SYS_SOCKET_H 1
| #define HAVE_GETTIMEOFDAY 1
| #define HAVE_SELECT 1
| #define HAVE_SIGPROCMASK 1
| #define HAVE_SIGPENDING 1
| #define HAVE_SIGSUSPEND 1
| #define PTH_NSIG 32
| #define HAVE_POLL 1
| #define HAVE_POLLIN 1
| #define HAVE_SYS_UIO_H 1
| #define HAVE_READV 1
| #define HAVE_WRITEV 1
| #define HAVE_USLEEP 1
| #define HAVE_STRERROR 1
| #define HAVE_SYS_RESOURCE_H 1
| #define HAVE_PATHS_H 1
| #define HAVE_LIBNSL 1
| #define HAVE_SYS_SELECT_H 1
| #define HAVE_SIG_ATOMIC_T 1
| #define HAVE_PID_T 1
| #define HAVE_SIZE_T 1
| #define HAVE_SSIZE_T 1
| #define HAVE_OFF_T 1
| #define HAVE_STACK_T 1
| #define HAVE_SS_SP 1
| #define HAVE_STRUCT_TIMESPEC 1
| #define HAVE_SOCKLEN_T 1
| #define HAVE_NFDS_T 1
| #define HAVE_LONGLONG 1
| #define HAVE_LONGDOUBLE 1
| #define HAVE_MAKECONTEXT 1
| #define HAVE_SWAPCONTEXT 1
| #define HAVE_GETCONTEXT 1
| #define HAVE_SETCONTEXT 1
| #define HAVE_SIGNAL_H 1
| #define HAVE_SIGLONGJMP 1
| #define HAVE_SETJMP 1
| #define HAVE_LONGJMP 1
| #define HAVE__SETJMP 1
| #define HAVE__LONGJMP 1
| #define HAVE_SIGALTSTACK 1
| #define HAVE_SIGSTACK 1
| /* end confdefs.h.  */
| 
| #if defined(TEST_ssjlj)
| #define __JMP_BUF          sigjmp_buf
| #define __SETJMP(buf)      sigsetjmp(buf,1)
| #define __LONGJMP(buf,val) siglongjmp(buf,val)
| #elif defined(TEST_sjlj)
| #define __JMP_BUF          jmp_buf
| #define __SETJMP(buf)      setjmp(buf)
| #define __LONGJMP(buf,val) longjmp(buf,val)
| #elif defined(TEST_usjlj)
| #define __JMP_BUF          jmp_buf
| #define __SETJMP(buf)      _setjmp(buf)
| #define __LONGJMP(buf,val) _longjmp(buf,val)
| #endif
| 
| #include <stdio.h>
| #include <sys/types.h>
| #include <signal.h>
| #include <setjmp.h>
| #include <unistd.h>
| 
| static __JMP_BUF jb;
| 
| static void sighandler(int sig)
| {
|     sigset_t sigs;
| 
|     /* get signal mask */
|     sigprocmask(SIG_SETMASK, NULL, &sigs);
| 
|     /* make sure USR1 is still blocked */
|     if (!sigismember(&sigs, SIGUSR1))
|         exit(1);
| 
|     /* block USR2 for us */
|     sigaddset(&sigs, SIGUSR2);
|     sigprocmask(SIG_SETMASK, &sigs, NULL);
| 
|     /* jump back to main */
|     __LONGJMP(jb, 1);
|     exit(1);
| }
| 
| int main(int argc, char *argv[])
| {
|     FILE *fp;
|     sigset_t sigs;
|     struct sigaction sa;
| 
|     /* the default is that it fails */
|     if ((fp = fopen("conftestval", "w")) == NULL)
|         exit(1);
|     fprintf(fp, "failed\n");
|     fclose(fp);
| 
|     /* block USR1 and unblock USR2 signal */
|     sigprocmask(SIG_SETMASK, NULL, &sigs);
|     sigaddset(&sigs, SIGUSR1);
|     sigdelset(&sigs, SIGUSR2);
|     sigprocmask(SIG_SETMASK, &sigs, NULL);
| 
|     /* set jump buffer */
|     if (__SETJMP(jb) == 0) {
| 
|         /* install signal handler for USR1 */
|         memset((void *)&sa, 0, sizeof(struct sigaction));
|         sigemptyset(&sa.sa_mask);
|         sa.sa_handler = sighandler;
|         sa.sa_flags = 0;
|         sigaction(SIGUSR1, &sa, NULL);
| 
|         /* send USR1 signal (which is still blocked) */
|         kill(getpid(), SIGUSR1);
| 
|         /* unblock USR1 and wait for it */
|         sigprocmask(SIG_SETMASK, NULL, &sigs);
|         sigdelset(&sigs, SIGUSR1);
|         sigsuspend(&sigs);
|         exit(1);
|     }
| 
|     /* get signal mask again */
|     sigprocmask(SIG_SETMASK, NULL, &sigs);
| 
|     /* make sure USR2 is again unblocked */
|     if (sigismember(&sigs, SIGUSR2))
|         exit(1);
| 
|     /* Fine... */
|     if ((fp = fopen("conftestval", "w")) == NULL)
|         exit(1);
|     fprintf(fp, "ok\n");
|     fclose(fp);
|     exit(0);
| }
| 
| 
configure:22484: x86_64-nacl-gcc -o conftest -O2 -pipe -funroll-loops -fstrength-reduce -fomit-frame-pointer -ffast-math -DTEST_usjlj   conftest.c -lnsl  >&5
conftest.c: In function 'sighandler':
conftest.c:111: warning: incompatible implicit declaration of built-in function 'exit'
conftest.c: In function 'main':
conftest.c:130: warning: incompatible implicit declaration of built-in function 'exit'
conftest.c:144: warning: incompatible implicit declaration of built-in function 'memset'
/tmp/cc1S34g8.o: In function `main':
conftest.c:(.text+0x25c): warning: warning: sigaction is not implemented and will always fail
conftest.c:(.text+0x29c): warning: warning: kill is not implemented and will always fail
configure:22487: $? = 0
configure:22489: ./conftest
./configure: line 22490: 18956 Segmentation fault      (core dumped) ./conftest$ac_exeext
configure:22492: $? = 139
configure: program exited with status 139
configure: failed program was:
| /* confdefs.h.  */
| 
| #define PACKAGE_NAME ""
| #define PACKAGE_TARNAME ""
| #define PACKAGE_VERSION ""
| #define PACKAGE_STRING ""
| #define PACKAGE_BUGREPORT ""
| #define STDC_HEADERS 1
| #define HAVE_SYS_TYPES_H 1
| #define HAVE_SYS_STAT_H 1
| #define HAVE_STDLIB_H 1
| #define HAVE_STRING_H 1
| #define HAVE_MEMORY_H 1
| #define HAVE_STRINGS_H 1
| #define HAVE_INTTYPES_H 1
| #define HAVE_STDINT_H 1
| #define HAVE_UNISTD_H 1
| #define HAVE_DLFCN_H 1
| #ifdef __cplusplus
| extern "C" void exit (int) throw ();
| #endif
| #define STDC_HEADERS 1
| #define HAVE_STDIO_H 1
| #define HAVE_STDLIB_H 1
| #define HAVE_STDARG_H 1
| #define HAVE_STRING_H 1
| #define HAVE_SIGNAL_H 1
| #define HAVE_UNISTD_H 1
| #define HAVE_SETJMP_H 1
| #define HAVE_FCNTL_H 1
| #define HAVE_ERRNO_H 1
| #define HAVE_SYS_TYPES_H 1
| #define HAVE_SYS_TIME_H 1
| #define HAVE_SYS_WAIT_H 1
| #define HAVE_SYS_STAT_H 1
| #define HAVE_SYS_SOCKET_H 1
| #define HAVE_GETTIMEOFDAY 1
| #define HAVE_SELECT 1
| #define HAVE_SIGPROCMASK 1
| #define HAVE_SIGPENDING 1
| #define HAVE_SIGSUSPEND 1
| #define PTH_NSIG 32
| #define HAVE_POLL 1
| #define HAVE_POLLIN 1
| #define HAVE_SYS_UIO_H 1
| #define HAVE_READV 1
| #define HAVE_WRITEV 1
| #define HAVE_USLEEP 1
| #define HAVE_STRERROR 1
| #define HAVE_SYS_RESOURCE_H 1
| #define HAVE_PATHS_H 1
| #define HAVE_LIBNSL 1
| #define HAVE_SYS_SELECT_H 1
| #define HAVE_SIG_ATOMIC_T 1
| #define HAVE_PID_T 1
| #define HAVE_SIZE_T 1
| #define HAVE_SSIZE_T 1
| #define HAVE_OFF_T 1
| #define HAVE_STACK_T 1
| #define HAVE_SS_SP 1
| #define HAVE_STRUCT_TIMESPEC 1
| #define HAVE_SOCKLEN_T 1
| #define HAVE_NFDS_T 1
| #define HAVE_LONGLONG 1
| #define HAVE_LONGDOUBLE 1
| #define HAVE_MAKECONTEXT 1
| #define HAVE_SWAPCONTEXT 1
| #define HAVE_GETCONTEXT 1
| #define HAVE_SETCONTEXT 1
| #define HAVE_SIGNAL_H 1
| #define HAVE_SIGLONGJMP 1
| #define HAVE_SETJMP 1
| #define HAVE_LONGJMP 1
| #define HAVE__SETJMP 1
| #define HAVE__LONGJMP 1
| #define HAVE_SIGALTSTACK 1
| #define HAVE_SIGSTACK 1
| /* end confdefs.h.  */
| 
| #if defined(TEST_ssjlj)
| #define __JMP_BUF          sigjmp_buf
| #define __SETJMP(buf)      sigsetjmp(buf,1)
| #define __LONGJMP(buf,val) siglongjmp(buf,val)
| #elif defined(TEST_sjlj)
| #define __JMP_BUF          jmp_buf
| #define __SETJMP(buf)      setjmp(buf)
| #define __LONGJMP(buf,val) longjmp(buf,val)
| #elif defined(TEST_usjlj)
| #define __JMP_BUF          jmp_buf
| #define __SETJMP(buf)      _setjmp(buf)
| #define __LONGJMP(buf,val) _longjmp(buf,val)
| #endif
| 
| #include <stdio.h>
| #include <sys/types.h>
| #include <signal.h>
| #include <setjmp.h>
| #include <unistd.h>
| 
| static __JMP_BUF jb;
| 
| static void sighandler(int sig)
| {
|     sigset_t sigs;
| 
|     /* get signal mask */
|     sigprocmask(SIG_SETMASK, NULL, &sigs);
| 
|     /* make sure USR1 is still blocked */
|     if (!sigismember(&sigs, SIGUSR1))
|         exit(1);
| 
|     /* block USR2 for us */
|     sigaddset(&sigs, SIGUSR2);
|     sigprocmask(SIG_SETMASK, &sigs, NULL);
| 
|     /* jump back to main */
|     __LONGJMP(jb, 1);
|     exit(1);
| }
| 
| int main(int argc, char *argv[])
| {
|     FILE *fp;
|     sigset_t sigs;
|     struct sigaction sa;
| 
|     /* the default is that it fails */
|     if ((fp = fopen("conftestval", "w")) == NULL)
|         exit(1);
|     fprintf(fp, "failed\n");
|     fclose(fp);
| 
|     /* block USR1 and unblock USR2 signal */
|     sigprocmask(SIG_SETMASK, NULL, &sigs);
|     sigaddset(&sigs, SIGUSR1);
|     sigdelset(&sigs, SIGUSR2);
|     sigprocmask(SIG_SETMASK, &sigs, NULL);
| 
|     /* set jump buffer */
|     if (__SETJMP(jb) == 0) {
| 
|         /* install signal handler for USR1 */
|         memset((void *)&sa, 0, sizeof(struct sigaction));
|         sigemptyset(&sa.sa_mask);
|         sa.sa_handler = sighandler;
|         sa.sa_flags = 0;
|         sigaction(SIGUSR1, &sa, NULL);
| 
|         /* send USR1 signal (which is still blocked) */
|         kill(getpid(), SIGUSR1);
| 
|         /* unblock USR1 and wait for it */
|         sigprocmask(SIG_SETMASK, NULL, &sigs);
|         sigdelset(&sigs, SIGUSR1);
|         sigsuspend(&sigs);
|         exit(1);
|     }
| 
|     /* get signal mask again */
|     sigprocmask(SIG_SETMASK, NULL, &sigs);
| 
|     /* make sure USR2 is again unblocked */
|     if (sigismember(&sigs, SIGUSR2))
|         exit(1);
| 
|     /* Fine... */
|     if ((fp = fopen("conftestval", "w")) == NULL)
|         exit(1);
|     fprintf(fp, "ok\n");
|     fclose(fp);
|     exit(0);
| }
| 
| 
configure:22550: result: yes: sjlje
configure:22683: checking for typedef stack_t
configure:22707: result: yes
configure:22718: checking for direction of stack growth
configure:22763: x86_64-nacl-gcc -o conftest -O2 -pipe -funroll-loops -fstrength-reduce -fomit-frame-pointer -ffast-math   conftest.c -lnsl  >&5
configure:22766: $? = 0
configure:22768: ./conftest
./configure: line 22769: 18989 Segmentation fault      (core dumped) ./conftest$ac_exeext
configure:22771: $? = 139
configure: program exited with status 139
configure: failed program was:
| /* confdefs.h.  */
| 
| #define PACKAGE_NAME ""
| #define PACKAGE_TARNAME ""
| #define PACKAGE_VERSION ""
| #define PACKAGE_STRING ""
| #define PACKAGE_BUGREPORT ""
| #define STDC_HEADERS 1
| #define HAVE_SYS_TYPES_H 1
| #define HAVE_SYS_STAT_H 1
| #define HAVE_STDLIB_H 1
| #define HAVE_STRING_H 1
| #define HAVE_MEMORY_H 1
| #define HAVE_STRINGS_H 1
| #define HAVE_INTTYPES_H 1
| #define HAVE_STDINT_H 1
| #define HAVE_UNISTD_H 1
| #define HAVE_DLFCN_H 1
| #ifdef __cplusplus
| extern "C" void exit (int) throw ();
| #endif
| #define STDC_HEADERS 1
| #define HAVE_STDIO_H 1
| #define HAVE_STDLIB_H 1
| #define HAVE_STDARG_H 1
| #define HAVE_STRING_H 1
| #define HAVE_SIGNAL_H 1
| #define HAVE_UNISTD_H 1
| #define HAVE_SETJMP_H 1
| #define HAVE_FCNTL_H 1
| #define HAVE_ERRNO_H 1
| #define HAVE_SYS_TYPES_H 1
| #define HAVE_SYS_TIME_H 1
| #define HAVE_SYS_WAIT_H 1
| #define HAVE_SYS_STAT_H 1
| #define HAVE_SYS_SOCKET_H 1
| #define HAVE_GETTIMEOFDAY 1
| #define HAVE_SELECT 1
| #define HAVE_SIGPROCMASK 1
| #define HAVE_SIGPENDING 1
| #define HAVE_SIGSUSPEND 1
| #define PTH_NSIG 32
| #define HAVE_POLL 1
| #define HAVE_POLLIN 1
| #define HAVE_SYS_UIO_H 1
| #define HAVE_READV 1
| #define HAVE_WRITEV 1
| #define HAVE_USLEEP 1
| #define HAVE_STRERROR 1
| #define HAVE_SYS_RESOURCE_H 1
| #define HAVE_PATHS_H 1
| #define HAVE_LIBNSL 1
| #define HAVE_SYS_SELECT_H 1
| #define HAVE_SIG_ATOMIC_T 1
| #define HAVE_PID_T 1
| #define HAVE_SIZE_T 1
| #define HAVE_SSIZE_T 1
| #define HAVE_OFF_T 1
| #define HAVE_STACK_T 1
| #define HAVE_SS_SP 1
| #define HAVE_STRUCT_TIMESPEC 1
| #define HAVE_SOCKLEN_T 1
| #define HAVE_NFDS_T 1
| #define HAVE_LONGLONG 1
| #define HAVE_LONGDOUBLE 1
| #define HAVE_MAKECONTEXT 1
| #define HAVE_SWAPCONTEXT 1
| #define HAVE_GETCONTEXT 1
| #define HAVE_SETCONTEXT 1
| #define HAVE_SIGNAL_H 1
| #define HAVE_SIGLONGJMP 1
| #define HAVE_SETJMP 1
| #define HAVE_LONGJMP 1
| #define HAVE__SETJMP 1
| #define HAVE__LONGJMP 1
| #define HAVE_SIGALTSTACK 1
| #define HAVE_SIGSTACK 1
| #define HAVE_STACK_T 1
| /* end confdefs.h.  */
| 
| #include <stdio.h>
| #include <stdlib.h>
| static int iterate = 10;
| static int growsdown(int *x)
| {
|     auto int y;
|     y = (x > &y);
|     if (--iterate > 0)
|         y = growsdown(&y);
|     if (y != (x > &y))
|         exit(1);
|     return y;
| }
| int main(int argc, char *argv[])
| {
|     FILE *f;
|     auto int x;
|     if ((f = fopen("conftestval", "w")) == NULL)
|         exit(1);
|     fprintf(f, "%s\n", growsdown(&x) ? "down" : "up");;
|     fclose(f);
|     exit(0);
| }
| 
| 
configure:22785: result: down
configure:22816: checking for makecontext
configure:22904: result: yes
configure:22915: checking for stack setup via makecontext
configure:23072: x86_64-nacl-gcc -o conftest -O2 -pipe -funroll-loops -fstrength-reduce -fomit-frame-pointer -ffast-math -DTEST_makecontext   conftest.c -lnsl  >&5
configure:23075: $? = 0
configure:23077: ./conftest
./configure: line 23078: 19022 Segmentation fault      (core dumped) ./conftest$ac_exeext
configure:23080: $? = 139
configure: program exited with status 139
configure: failed program was:
| /* confdefs.h.  */
| 
| #define PACKAGE_NAME ""
| #define PACKAGE_TARNAME ""
| #define PACKAGE_VERSION ""
| #define PACKAGE_STRING ""
| #define PACKAGE_BUGREPORT ""
| #define STDC_HEADERS 1
| #define HAVE_SYS_TYPES_H 1
| #define HAVE_SYS_STAT_H 1
| #define HAVE_STDLIB_H 1
| #define HAVE_STRING_H 1
| #define HAVE_MEMORY_H 1
| #define HAVE_STRINGS_H 1
| #define HAVE_INTTYPES_H 1
| #define HAVE_STDINT_H 1
| #define HAVE_UNISTD_H 1
| #define HAVE_DLFCN_H 1
| #ifdef __cplusplus
| extern "C" void exit (int) throw ();
| #endif
| #define STDC_HEADERS 1
| #define HAVE_STDIO_H 1
| #define HAVE_STDLIB_H 1
| #define HAVE_STDARG_H 1
| #define HAVE_STRING_H 1
| #define HAVE_SIGNAL_H 1
| #define HAVE_UNISTD_H 1
| #define HAVE_SETJMP_H 1
| #define HAVE_FCNTL_H 1
| #define HAVE_ERRNO_H 1
| #define HAVE_SYS_TYPES_H 1
| #define HAVE_SYS_TIME_H 1
| #define HAVE_SYS_WAIT_H 1
| #define HAVE_SYS_STAT_H 1
| #define HAVE_SYS_SOCKET_H 1
| #define HAVE_GETTIMEOFDAY 1
| #define HAVE_SELECT 1
| #define HAVE_SIGPROCMASK 1
| #define HAVE_SIGPENDING 1
| #define HAVE_SIGSUSPEND 1
| #define PTH_NSIG 32
| #define HAVE_POLL 1
| #define HAVE_POLLIN 1
| #define HAVE_SYS_UIO_H 1
| #define HAVE_READV 1
| #define HAVE_WRITEV 1
| #define HAVE_USLEEP 1
| #define HAVE_STRERROR 1
| #define HAVE_SYS_RESOURCE_H 1
| #define HAVE_PATHS_H 1
| #define HAVE_LIBNSL 1
| #define HAVE_SYS_SELECT_H 1
| #define HAVE_SIG_ATOMIC_T 1
| #define HAVE_PID_T 1
| #define HAVE_SIZE_T 1
| #define HAVE_SSIZE_T 1
| #define HAVE_OFF_T 1
| #define HAVE_STACK_T 1
| #define HAVE_SS_SP 1
| #define HAVE_STRUCT_TIMESPEC 1
| #define HAVE_SOCKLEN_T 1
| #define HAVE_NFDS_T 1
| #define HAVE_LONGLONG 1
| #define HAVE_LONGDOUBLE 1
| #define HAVE_MAKECONTEXT 1
| #define HAVE_SWAPCONTEXT 1
| #define HAVE_GETCONTEXT 1
| #define HAVE_SETCONTEXT 1
| #define HAVE_SIGNAL_H 1
| #define HAVE_SIGLONGJMP 1
| #define HAVE_SETJMP 1
| #define HAVE_LONGJMP 1
| #define HAVE__SETJMP 1
| #define HAVE__LONGJMP 1
| #define HAVE_SIGALTSTACK 1
| #define HAVE_SIGSTACK 1
| #define HAVE_STACK_T 1
| #define PTH_STACKGROWTH -1
| #define HAVE_MAKECONTEXT 1
| /* end confdefs.h.  */
| 
| #include <stdio.h>
| #include <stdlib.h>
| #include <string.h>
| #if defined(TEST_sigstack) || defined(TEST_sigaltstack)
| #include <sys/types.h>
| #include <signal.h>
| #include <unistd.h>
| #endif
| #if defined(TEST_makecontext)
| #include <ucontext.h>
| #endif
| union alltypes {
|     long   l;
|     double d;
|     void  *vp;
|     void (*fp)(void);
|     char  *cp;
| };
| static volatile char *handler_addr = (char *)0xDEAD;
| #if defined(TEST_sigstack) || defined(TEST_sigaltstack)
| static volatile int handler_done = 0;
| void handler(int sig)
| {
|     char garbage[1024];
|     int i;
|     auto int dummy;
|     for (i = 0; i < 1024; i++)
|         garbage[i] = 'X';
|     handler_addr = (char *)&dummy;
|     handler_done = 1;
|     return;
| }
| #endif
| #if defined(TEST_makecontext)
| static ucontext_t uc_handler;
| static ucontext_t uc_main;
| void handler(void)
| {
|     char garbage[1024];
|     int i;
|     auto int dummy;
|     for (i = 0; i < 1024; i++)
|         garbage[i] = 'X';
|     handler_addr = (char *)&dummy;
|     swapcontext(&uc_handler, &uc_main);
|     return;
| }
| #endif
| int main(int argc, char *argv[])
| {
|     FILE *f;
|     char *skaddr;
|     char *skbuf;
|     int sksize;
|     char result[1024];
|     int i;
|     sksize = 32768;
|     skbuf = (char *)malloc(sksize*2+2*sizeof(union alltypes));
|     if (skbuf == NULL)
|         exit(1);
|     for (i = 0; i < sksize*2+2*sizeof(union alltypes); i++)
|         skbuf[i] = 'A';
|     skaddr = skbuf+sizeof(union alltypes);
| #if defined(TEST_sigstack) || defined(TEST_sigaltstack)
|     {
|         struct sigaction sa;
| #if defined(TEST_sigstack)
|         struct sigstack ss;
| #elif defined(TEST_sigaltstack) && defined(HAVE_STACK_T)
|         stack_t ss;
| #else
|         struct sigaltstack ss;
| #endif
| #if defined(TEST_sigstack)
|         ss.ss_sp      = (void *)(skaddr + sksize);
|         ss.ss_onstack = 0;
|         if (sigstack(&ss, NULL) < 0)
|             exit(1);
| #elif defined(TEST_sigaltstack)
|         ss.ss_sp    = (void *)(skaddr + sksize);
|         ss.ss_size  = sksize;
|         ss.ss_flags = 0;
|         if (sigaltstack(&ss, NULL) < 0)
|             exit(1);
| #endif
|         memset((void *)&sa, 0, sizeof(struct sigaction));
|         sa.sa_handler = handler;
|         sa.sa_flags = SA_ONSTACK;
|         sigemptyset(&sa.sa_mask);
|         sigaction(SIGUSR1, &sa, NULL);
|         kill(getpid(), SIGUSR1);
|         while (!handler_done)
|             /*nop*/;
|     }
| #endif
| #if defined(TEST_makecontext)
|     {
|         if (getcontext(&uc_handler) != 0)
|             exit(1);
|         uc_handler.uc_link = NULL;
|         uc_handler.uc_stack.ss_sp    = (void *)(skaddr + sksize);
|         uc_handler.uc_stack.ss_size  = sksize;
|         uc_handler.uc_stack.ss_flags = 0;
|         makecontext(&uc_handler, handler, 1);
|         swapcontext(&uc_main, &uc_handler);
|     }
| #endif
|     if (handler_addr == (char *)0xDEAD)
|         exit(1);
|     if (handler_addr < skaddr+sksize) {
|         /* stack was placed into lower area */
|         if (*(skaddr+sksize) != 'A')
|              sprintf(result, "(skaddr)+(sksize)-%d,(sksize)-%d",
|                      sizeof(union alltypes), sizeof(union alltypes));
|         else
|              strcpy(result, "(skaddr)+(sksize),(sksize)");
|     }
|     else {
|         /* stack was placed into higher area */
|         if (*(skaddr+sksize*2) != 'A')
|             sprintf(result, "(skaddr),(sksize)-%d", sizeof(union alltypes));
|         else
|             strcpy(result, "(skaddr),(sksize)");
|     }
|     if ((f = fopen("conftestval", "w")) == NULL)
|         exit(1);
|     fprintf(f, "%s\n", result);
|     fclose(f);
|     exit(0);
| }
| 
configure:23107: result: guessed
configure:23126: checking for sigaltstack
configure:23214: result: yes
configure:23229: checking for typedef stack_t
configure:23253: result: yes
configure:23266: checking for stack setup via sigaltstack
configure:23423: x86_64-nacl-gcc -o conftest -O2 -pipe -funroll-loops -fstrength-reduce -fomit-frame-pointer -ffast-math -DTEST_sigaltstack   conftest.c -lnsl  >&5
/tmp/ccbPcrcy.o: In function `main':
conftest.c:(.text+0x19c): warning: warning: sigaction is not implemented and will always fail
conftest.c:(.text+0x1dc): warning: warning: kill is not implemented and will always fail
configure:23426: $? = 0
configure:23428: ./conftest
./configure: line 23429: 19064 Segmentation fault      (core dumped) ./conftest$ac_exeext
configure:23431: $? = 139
configure: program exited with status 139
configure: failed program was:
| /* confdefs.h.  */
| 
| #define PACKAGE_NAME ""
| #define PACKAGE_TARNAME ""
| #define PACKAGE_VERSION ""
| #define PACKAGE_STRING ""
| #define PACKAGE_BUGREPORT ""
| #define STDC_HEADERS 1
| #define HAVE_SYS_TYPES_H 1
| #define HAVE_SYS_STAT_H 1
| #define HAVE_STDLIB_H 1
| #define HAVE_STRING_H 1
| #define HAVE_MEMORY_H 1
| #define HAVE_STRINGS_H 1
| #define HAVE_INTTYPES_H 1
| #define HAVE_STDINT_H 1
| #define HAVE_UNISTD_H 1
| #define HAVE_DLFCN_H 1
| #ifdef __cplusplus
| extern "C" void exit (int) throw ();
| #endif
| #define STDC_HEADERS 1
| #define HAVE_STDIO_H 1
| #define HAVE_STDLIB_H 1
| #define HAVE_STDARG_H 1
| #define HAVE_STRING_H 1
| #define HAVE_SIGNAL_H 1
| #define HAVE_UNISTD_H 1
| #define HAVE_SETJMP_H 1
| #define HAVE_FCNTL_H 1
| #define HAVE_ERRNO_H 1
| #define HAVE_SYS_TYPES_H 1
| #define HAVE_SYS_TIME_H 1
| #define HAVE_SYS_WAIT_H 1
| #define HAVE_SYS_STAT_H 1
| #define HAVE_SYS_SOCKET_H 1
| #define HAVE_GETTIMEOFDAY 1
| #define HAVE_SELECT 1
| #define HAVE_SIGPROCMASK 1
| #define HAVE_SIGPENDING 1
| #define HAVE_SIGSUSPEND 1
| #define PTH_NSIG 32
| #define HAVE_POLL 1
| #define HAVE_POLLIN 1
| #define HAVE_SYS_UIO_H 1
| #define HAVE_READV 1
| #define HAVE_WRITEV 1
| #define HAVE_USLEEP 1
| #define HAVE_STRERROR 1
| #define HAVE_SYS_RESOURCE_H 1
| #define HAVE_PATHS_H 1
| #define HAVE_LIBNSL 1
| #define HAVE_SYS_SELECT_H 1
| #define HAVE_SIG_ATOMIC_T 1
| #define HAVE_PID_T 1
| #define HAVE_SIZE_T 1
| #define HAVE_SSIZE_T 1
| #define HAVE_OFF_T 1
| #define HAVE_STACK_T 1
| #define HAVE_SS_SP 1
| #define HAVE_STRUCT_TIMESPEC 1
| #define HAVE_SOCKLEN_T 1
| #define HAVE_NFDS_T 1
| #define HAVE_LONGLONG 1
| #define HAVE_LONGDOUBLE 1
| #define HAVE_MAKECONTEXT 1
| #define HAVE_SWAPCONTEXT 1
| #define HAVE_GETCONTEXT 1
| #define HAVE_SETCONTEXT 1
| #define HAVE_SIGNAL_H 1
| #define HAVE_SIGLONGJMP 1
| #define HAVE_SETJMP 1
| #define HAVE_LONGJMP 1
| #define HAVE__SETJMP 1
| #define HAVE__LONGJMP 1
| #define HAVE_SIGALTSTACK 1
| #define HAVE_SIGSTACK 1
| #define HAVE_STACK_T 1
| #define PTH_STACKGROWTH -1
| #define HAVE_MAKECONTEXT 1
| #define HAVE_SIGALTSTACK 1
| #define HAVE_STACK_T 1
| /* end confdefs.h.  */
| 
| #include <stdio.h>
| #include <stdlib.h>
| #include <string.h>
| #if defined(TEST_sigstack) || defined(TEST_sigaltstack)
| #include <sys/types.h>
| #include <signal.h>
| #include <unistd.h>
| #endif
| #if defined(TEST_makecontext)
| #include <ucontext.h>
| #endif
| union alltypes {
|     long   l;
|     double d;
|     void  *vp;
|     void (*fp)(void);
|     char  *cp;
| };
| static volatile char *handler_addr = (char *)0xDEAD;
| #if defined(TEST_sigstack) || defined(TEST_sigaltstack)
| static volatile int handler_done = 0;
| void handler(int sig)
| {
|     char garbage[1024];
|     int i;
|     auto int dummy;
|     for (i = 0; i < 1024; i++)
|         garbage[i] = 'X';
|     handler_addr = (char *)&dummy;
|     handler_done = 1;
|     return;
| }
| #endif
| #if defined(TEST_makecontext)
| static ucontext_t uc_handler;
| static ucontext_t uc_main;
| void handler(void)
| {
|     char garbage[1024];
|     int i;
|     auto int dummy;
|     for (i = 0; i < 1024; i++)
|         garbage[i] = 'X';
|     handler_addr = (char *)&dummy;
|     swapcontext(&uc_handler, &uc_main);
|     return;
| }
| #endif
| int main(int argc, char *argv[])
| {
|     FILE *f;
|     char *skaddr;
|     char *skbuf;
|     int sksize;
|     char result[1024];
|     int i;
|     sksize = 32768;
|     skbuf = (char *)malloc(sksize*2+2*sizeof(union alltypes));
|     if (skbuf == NULL)
|         exit(1);
|     for (i = 0; i < sksize*2+2*sizeof(union alltypes); i++)
|         skbuf[i] = 'A';
|     skaddr = skbuf+sizeof(union alltypes);
| #if defined(TEST_sigstack) || defined(TEST_sigaltstack)
|     {
|         struct sigaction sa;
| #if defined(TEST_sigstack)
|         struct sigstack ss;
| #elif defined(TEST_sigaltstack) && defined(HAVE_STACK_T)
|         stack_t ss;
| #else
|         struct sigaltstack ss;
| #endif
| #if defined(TEST_sigstack)
|         ss.ss_sp      = (void *)(skaddr + sksize);
|         ss.ss_onstack = 0;
|         if (sigstack(&ss, NULL) < 0)
|             exit(1);
| #elif defined(TEST_sigaltstack)
|         ss.ss_sp    = (void *)(skaddr + sksize);
|         ss.ss_size  = sksize;
|         ss.ss_flags = 0;
|         if (sigaltstack(&ss, NULL) < 0)
|             exit(1);
| #endif
|         memset((void *)&sa, 0, sizeof(struct sigaction));
|         sa.sa_handler = handler;
|         sa.sa_flags = SA_ONSTACK;
|         sigemptyset(&sa.sa_mask);
|         sigaction(SIGUSR1, &sa, NULL);
|         kill(getpid(), SIGUSR1);
|         while (!handler_done)
|             /*nop*/;
|     }
| #endif
| #if defined(TEST_makecontext)
|     {
|         if (getcontext(&uc_handler) != 0)
|             exit(1);
|         uc_handler.uc_link = NULL;
|         uc_handler.uc_stack.ss_sp    = (void *)(skaddr + sksize);
|         uc_handler.uc_stack.ss_size  = sksize;
|         uc_handler.uc_stack.ss_flags = 0;
|         makecontext(&uc_handler, handler, 1);
|         swapcontext(&uc_main, &uc_handler);
|     }
| #endif
|     if (handler_addr == (char *)0xDEAD)
|         exit(1);
|     if (handler_addr < skaddr+sksize) {
|         /* stack was placed into lower area */
|         if (*(skaddr+sksize) != 'A')
|              sprintf(result, "(skaddr)+(sksize)-%d,(sksize)-%d",
|                      sizeof(union alltypes), sizeof(union alltypes));
|         else
|              strcpy(result, "(skaddr)+(sksize),(sksize)");
|     }
|     else {
|         /* stack was placed into higher area */
|         if (*(skaddr+sksize*2) != 'A')
|             sprintf(result, "(skaddr),(sksize)-%d", sizeof(union alltypes));
|         else
|             strcpy(result, "(skaddr),(sksize)");
|     }
|     if ((f = fopen("conftestval", "w")) == NULL)
|         exit(1);
|     fprintf(f, "%s\n", result);
|     fclose(f);
|     exit(0);
| }
| 
configure:23458: result: guessed
configure:23476: checking for sigstack
configure:23564: result: yes
configure:23575: checking for stack setup via sigstack
configure:23732: x86_64-nacl-gcc -o conftest -O2 -pipe -funroll-loops -fstrength-reduce -fomit-frame-pointer -ffast-math -DTEST_sigstack   conftest.c -lnsl  >&5
conftest.c: In function 'main':
conftest.c:162: warning: 'sigstack' is deprecated (declared at /opt/zerovm/lib/gcc/x86_64-nacl/4.4.3/../../../../x86_64-nacl/include/signal.h:359)
/tmp/ccfQJSrn.o: In function `main':
conftest.c:(.text+0x17c): warning: warning: sigaction is not implemented and will always fail
conftest.c:(.text+0x1bc): warning: warning: kill is not implemented and will always fail
conftest.c:(.text+0xfc): warning: the `sigstack' function is dangerous.  `sigaltstack' should be used instead.
configure:23735: $? = 0
configure:23737: ./conftest
./configure: line 23738: 19105 Segmentation fault      (core dumped) ./conftest$ac_exeext
configure:23740: $? = 139
configure: program exited with status 139
configure: failed program was:
| /* confdefs.h.  */
| 
| #define PACKAGE_NAME ""
| #define PACKAGE_TARNAME ""
| #define PACKAGE_VERSION ""
| #define PACKAGE_STRING ""
| #define PACKAGE_BUGREPORT ""
| #define STDC_HEADERS 1
| #define HAVE_SYS_TYPES_H 1
| #define HAVE_SYS_STAT_H 1
| #define HAVE_STDLIB_H 1
| #define HAVE_STRING_H 1
| #define HAVE_MEMORY_H 1
| #define HAVE_STRINGS_H 1
| #define HAVE_INTTYPES_H 1
| #define HAVE_STDINT_H 1
| #define HAVE_UNISTD_H 1
| #define HAVE_DLFCN_H 1
| #ifdef __cplusplus
| extern "C" void exit (int) throw ();
| #endif
| #define STDC_HEADERS 1
| #define HAVE_STDIO_H 1
| #define HAVE_STDLIB_H 1
| #define HAVE_STDARG_H 1
| #define HAVE_STRING_H 1
| #define HAVE_SIGNAL_H 1
| #define HAVE_UNISTD_H 1
| #define HAVE_SETJMP_H 1
| #define HAVE_FCNTL_H 1
| #define HAVE_ERRNO_H 1
| #define HAVE_SYS_TYPES_H 1
| #define HAVE_SYS_TIME_H 1
| #define HAVE_SYS_WAIT_H 1
| #define HAVE_SYS_STAT_H 1
| #define HAVE_SYS_SOCKET_H 1
| #define HAVE_GETTIMEOFDAY 1
| #define HAVE_SELECT 1
| #define HAVE_SIGPROCMASK 1
| #define HAVE_SIGPENDING 1
| #define HAVE_SIGSUSPEND 1
| #define PTH_NSIG 32
| #define HAVE_POLL 1
| #define HAVE_POLLIN 1
| #define HAVE_SYS_UIO_H 1
| #define HAVE_READV 1
| #define HAVE_WRITEV 1
| #define HAVE_USLEEP 1
| #define HAVE_STRERROR 1
| #define HAVE_SYS_RESOURCE_H 1
| #define HAVE_PATHS_H 1
| #define HAVE_LIBNSL 1
| #define HAVE_SYS_SELECT_H 1
| #define HAVE_SIG_ATOMIC_T 1
| #define HAVE_PID_T 1
| #define HAVE_SIZE_T 1
| #define HAVE_SSIZE_T 1
| #define HAVE_OFF_T 1
| #define HAVE_STACK_T 1
| #define HAVE_SS_SP 1
| #define HAVE_STRUCT_TIMESPEC 1
| #define HAVE_SOCKLEN_T 1
| #define HAVE_NFDS_T 1
| #define HAVE_LONGLONG 1
| #define HAVE_LONGDOUBLE 1
| #define HAVE_MAKECONTEXT 1
| #define HAVE_SWAPCONTEXT 1
| #define HAVE_GETCONTEXT 1
| #define HAVE_SETCONTEXT 1
| #define HAVE_SIGNAL_H 1
| #define HAVE_SIGLONGJMP 1
| #define HAVE_SETJMP 1
| #define HAVE_LONGJMP 1
| #define HAVE__SETJMP 1
| #define HAVE__LONGJMP 1
| #define HAVE_SIGALTSTACK 1
| #define HAVE_SIGSTACK 1
| #define HAVE_STACK_T 1
| #define PTH_STACKGROWTH -1
| #define HAVE_MAKECONTEXT 1
| #define HAVE_SIGALTSTACK 1
| #define HAVE_STACK_T 1
| #define HAVE_SIGSTACK 1
| /* end confdefs.h.  */
| 
| #include <stdio.h>
| #include <stdlib.h>
| #include <string.h>
| #if defined(TEST_sigstack) || defined(TEST_sigaltstack)
| #include <sys/types.h>
| #include <signal.h>
| #include <unistd.h>
| #endif
| #if defined(TEST_makecontext)
| #include <ucontext.h>
| #endif
| union alltypes {
|     long   l;
|     double d;
|     void  *vp;
|     void (*fp)(void);
|     char  *cp;
| };
| static volatile char *handler_addr = (char *)0xDEAD;
| #if defined(TEST_sigstack) || defined(TEST_sigaltstack)
| static volatile int handler_done = 0;
| void handler(int sig)
| {
|     char garbage[1024];
|     int i;
|     auto int dummy;
|     for (i = 0; i < 1024; i++)
|         garbage[i] = 'X';
|     handler_addr = (char *)&dummy;
|     handler_done = 1;
|     return;
| }
| #endif
| #if defined(TEST_makecontext)
| static ucontext_t uc_handler;
| static ucontext_t uc_main;
| void handler(void)
| {
|     char garbage[1024];
|     int i;
|     auto int dummy;
|     for (i = 0; i < 1024; i++)
|         garbage[i] = 'X';
|     handler_addr = (char *)&dummy;
|     swapcontext(&uc_handler, &uc_main);
|     return;
| }
| #endif
| int main(int argc, char *argv[])
| {
|     FILE *f;
|     char *skaddr;
|     char *skbuf;
|     int sksize;
|     char result[1024];
|     int i;
|     sksize = 32768;
|     skbuf = (char *)malloc(sksize*2+2*sizeof(union alltypes));
|     if (skbuf == NULL)
|         exit(1);
|     for (i = 0; i < sksize*2+2*sizeof(union alltypes); i++)
|         skbuf[i] = 'A';
|     skaddr = skbuf+sizeof(union alltypes);
| #if defined(TEST_sigstack) || defined(TEST_sigaltstack)
|     {
|         struct sigaction sa;
| #if defined(TEST_sigstack)
|         struct sigstack ss;
| #elif defined(TEST_sigaltstack) && defined(HAVE_STACK_T)
|         stack_t ss;
| #else
|         struct sigaltstack ss;
| #endif
| #if defined(TEST_sigstack)
|         ss.ss_sp      = (void *)(skaddr + sksize);
|         ss.ss_onstack = 0;
|         if (sigstack(&ss, NULL) < 0)
|             exit(1);
| #elif defined(TEST_sigaltstack)
|         ss.ss_sp    = (void *)(skaddr + sksize);
|         ss.ss_size  = sksize;
|         ss.ss_flags = 0;
|         if (sigaltstack(&ss, NULL) < 0)
|             exit(1);
| #endif
|         memset((void *)&sa, 0, sizeof(struct sigaction));
|         sa.sa_handler = handler;
|         sa.sa_flags = SA_ONSTACK;
|         sigemptyset(&sa.sa_mask);
|         sigaction(SIGUSR1, &sa, NULL);
|         kill(getpid(), SIGUSR1);
|         while (!handler_done)
|             /*nop*/;
|     }
| #endif
| #if defined(TEST_makecontext)
|     {
|         if (getcontext(&uc_handler) != 0)
|             exit(1);
|         uc_handler.uc_link = NULL;
|         uc_handler.uc_stack.ss_sp    = (void *)(skaddr + sksize);
|         uc_handler.uc_stack.ss_size  = sksize;
|         uc_handler.uc_stack.ss_flags = 0;
|         makecontext(&uc_handler, handler, 1);
|         swapcontext(&uc_main, &uc_handler);
|     }
| #endif
|     if (handler_addr == (char *)0xDEAD)
|         exit(1);
|     if (handler_addr < skaddr+sksize) {
|         /* stack was placed into lower area */
|         if (*(skaddr+sksize) != 'A')
|              sprintf(result, "(skaddr)+(sksize)-%d,(sksize)-%d",
|                      sizeof(union alltypes), sizeof(union alltypes));
|         else
|              strcpy(result, "(skaddr)+(sksize),(sksize)");
|     }
|     else {
|         /* stack was placed into higher area */
|         if (*(skaddr+sksize*2) != 'A')
|             sprintf(result, "(skaddr),(sksize)-%d", sizeof(union alltypes));
|         else
|             strcpy(result, "(skaddr),(sksize)");
|     }
|     if ((f = fopen("conftestval", "w")) == NULL)
|         exit(1);
|     fprintf(f, "%s\n", result);
|     fclose(f);
|     exit(0);
| }
| 
configure:23767: result: guessed
configure:23833: result: decision on mctx implementation... mcsc/sc/mc
configure:23856: result: 
configure:23858: result: System Call Mapping:
configure:23878: checking sys/syscall.h usability
configure:23890: x86_64-nacl-gcc -c -O2 -pipe -funroll-loops -fstrength-reduce -fomit-frame-pointer -ffast-math  conftest.c >&5
configure:23896: $? = 0
configure:23900: test -z 
			 || test ! -s conftest.err
configure:23903: $? = 0
configure:23906: test -s conftest.o
configure:23909: $? = 0
configure:23919: result: yes
configure:23923: checking sys/syscall.h presence
configure:23933: x86_64-nacl-gcc -E  conftest.c
configure:23939: $? = 0
configure:23959: result: yes
configure:23994: checking for sys/syscall.h
configure:24001: result: yes
configure:23878: checking sys/socketcall.h usability
configure:23890: x86_64-nacl-gcc -c -O2 -pipe -funroll-loops -fstrength-reduce -fomit-frame-pointer -ffast-math  conftest.c >&5
conftest.c:123:28: error: sys/socketcall.h: No such file or directory
configure:23896: $? = 1
configure: failed program was:
| /* confdefs.h.  */
| 
| #define PACKAGE_NAME ""
| #define PACKAGE_TARNAME ""
| #define PACKAGE_VERSION ""
| #define PACKAGE_STRING ""
| #define PACKAGE_BUGREPORT ""
| #define STDC_HEADERS 1
| #define HAVE_SYS_TYPES_H 1
| #define HAVE_SYS_STAT_H 1
| #define HAVE_STDLIB_H 1
| #define HAVE_STRING_H 1
| #define HAVE_MEMORY_H 1
| #define HAVE_STRINGS_H 1
| #define HAVE_INTTYPES_H 1
| #define HAVE_STDINT_H 1
| #define HAVE_UNISTD_H 1
| #define HAVE_DLFCN_H 1
| #ifdef __cplusplus
| extern "C" void exit (int) throw ();
| #endif
| #define STDC_HEADERS 1
| #define HAVE_STDIO_H 1
| #define HAVE_STDLIB_H 1
| #define HAVE_STDARG_H 1
| #define HAVE_STRING_H 1
| #define HAVE_SIGNAL_H 1
| #define HAVE_UNISTD_H 1
| #define HAVE_SETJMP_H 1
| #define HAVE_FCNTL_H 1
| #define HAVE_ERRNO_H 1
| #define HAVE_SYS_TYPES_H 1
| #define HAVE_SYS_TIME_H 1
| #define HAVE_SYS_WAIT_H 1
| #define HAVE_SYS_STAT_H 1
| #define HAVE_SYS_SOCKET_H 1
| #define HAVE_GETTIMEOFDAY 1
| #define HAVE_SELECT 1
| #define HAVE_SIGPROCMASK 1
| #define HAVE_SIGPENDING 1
| #define HAVE_SIGSUSPEND 1
| #define PTH_NSIG 32
| #define HAVE_POLL 1
| #define HAVE_POLLIN 1
| #define HAVE_SYS_UIO_H 1
| #define HAVE_READV 1
| #define HAVE_WRITEV 1
| #define HAVE_USLEEP 1
| #define HAVE_STRERROR 1
| #define HAVE_SYS_RESOURCE_H 1
| #define HAVE_PATHS_H 1
| #define HAVE_LIBNSL 1
| #define HAVE_SYS_SELECT_H 1
| #define HAVE_SIG_ATOMIC_T 1
| #define HAVE_PID_T 1
| #define HAVE_SIZE_T 1
| #define HAVE_SSIZE_T 1
| #define HAVE_OFF_T 1
| #define HAVE_STACK_T 1
| #define HAVE_SS_SP 1
| #define HAVE_STRUCT_TIMESPEC 1
| #define HAVE_SOCKLEN_T 1
| #define HAVE_NFDS_T 1
| #define HAVE_LONGLONG 1
| #define HAVE_LONGDOUBLE 1
| #define HAVE_MAKECONTEXT 1
| #define HAVE_SWAPCONTEXT 1
| #define HAVE_GETCONTEXT 1
| #define HAVE_SETCONTEXT 1
| #define HAVE_SIGNAL_H 1
| #define HAVE_SIGLONGJMP 1
| #define HAVE_SETJMP 1
| #define HAVE_LONGJMP 1
| #define HAVE__SETJMP 1
| #define HAVE__LONGJMP 1
| #define HAVE_SIGALTSTACK 1
| #define HAVE_SIGSTACK 1
| #define HAVE_STACK_T 1
| #define PTH_STACKGROWTH -1
| #define HAVE_MAKECONTEXT 1
| #define HAVE_SIGALTSTACK 1
| #define HAVE_STACK_T 1
| #define HAVE_SIGSTACK 1
| #define PTH_MCTX_MTH_use PTH_MCTX_MTH_mcsc
| #define PTH_MCTX_DSP_use PTH_MCTX_DSP_sc
| #define PTH_MCTX_STK_use PTH_MCTX_STK_mc
| #define HAVE_SYS_SYSCALL_H 1
| /* end confdefs.h.  */
| #include <stdio.h>
| #if HAVE_SYS_TYPES_H
| # include <sys/types.h>
| #endif
| #if HAVE_SYS_STAT_H
| # include <sys/stat.h>
| #endif
| #if STDC_HEADERS
| # include <stdlib.h>
| # include <stddef.h>
| #else
| # if HAVE_STDLIB_H
| #  include <stdlib.h>
| # endif
| #endif
| #if HAVE_STRING_H
| # if !STDC_HEADERS && HAVE_MEMORY_H
| #  include <memory.h>
| # endif
| # include <string.h>
| #endif
| #if HAVE_STRINGS_H
| # include <strings.h>
| #endif
| #if HAVE_INTTYPES_H
| # include <inttypes.h>
| #else
| # if HAVE_STDINT_H
| #  include <stdint.h>
| # endif
| #endif
| #if HAVE_UNISTD_H
| # include <unistd.h>
| #endif
| #include <sys/socketcall.h>
configure:23919: result: no
configure:23923: checking sys/socketcall.h presence
configure:23933: x86_64-nacl-gcc -E  conftest.c
conftest.c:89:28: error: sys/socketcall.h: No such file or directory
configure:23939: $? = 1
configure: failed program was:
| /* confdefs.h.  */
| 
| #define PACKAGE_NAME ""
| #define PACKAGE_TARNAME ""
| #define PACKAGE_VERSION ""
| #define PACKAGE_STRING ""
| #define PACKAGE_BUGREPORT ""
| #define STDC_HEADERS 1
| #define HAVE_SYS_TYPES_H 1
| #define HAVE_SYS_STAT_H 1
| #define HAVE_STDLIB_H 1
| #define HAVE_STRING_H 1
| #define HAVE_MEMORY_H 1
| #define HAVE_STRINGS_H 1
| #define HAVE_INTTYPES_H 1
| #define HAVE_STDINT_H 1
| #define HAVE_UNISTD_H 1
| #define HAVE_DLFCN_H 1
| #ifdef __cplusplus
| extern "C" void exit (int) throw ();
| #endif
| #define STDC_HEADERS 1
| #define HAVE_STDIO_H 1
| #define HAVE_STDLIB_H 1
| #define HAVE_STDARG_H 1
| #define HAVE_STRING_H 1
| #define HAVE_SIGNAL_H 1
| #define HAVE_UNISTD_H 1
| #define HAVE_SETJMP_H 1
| #define HAVE_FCNTL_H 1
| #define HAVE_ERRNO_H 1
| #define HAVE_SYS_TYPES_H 1
| #define HAVE_SYS_TIME_H 1
| #define HAVE_SYS_WAIT_H 1
| #define HAVE_SYS_STAT_H 1
| #define HAVE_SYS_SOCKET_H 1
| #define HAVE_GETTIMEOFDAY 1
| #define HAVE_SELECT 1
| #define HAVE_SIGPROCMASK 1
| #define HAVE_SIGPENDING 1
| #define HAVE_SIGSUSPEND 1
| #define PTH_NSIG 32
| #define HAVE_POLL 1
| #define HAVE_POLLIN 1
| #define HAVE_SYS_UIO_H 1
| #define HAVE_READV 1
| #define HAVE_WRITEV 1
| #define HAVE_USLEEP 1
| #define HAVE_STRERROR 1
| #define HAVE_SYS_RESOURCE_H 1
| #define HAVE_PATHS_H 1
| #define HAVE_LIBNSL 1
| #define HAVE_SYS_SELECT_H 1
| #define HAVE_SIG_ATOMIC_T 1
| #define HAVE_PID_T 1
| #define HAVE_SIZE_T 1
| #define HAVE_SSIZE_T 1
| #define HAVE_OFF_T 1
| #define HAVE_STACK_T 1
| #define HAVE_SS_SP 1
| #define HAVE_STRUCT_TIMESPEC 1
| #define HAVE_SOCKLEN_T 1
| #define HAVE_NFDS_T 1
| #define HAVE_LONGLONG 1
| #define HAVE_LONGDOUBLE 1
| #define HAVE_MAKECONTEXT 1
| #define HAVE_SWAPCONTEXT 1
| #define HAVE_GETCONTEXT 1
| #define HAVE_SETCONTEXT 1
| #define HAVE_SIGNAL_H 1
| #define HAVE_SIGLONGJMP 1
| #define HAVE_SETJMP 1
| #define HAVE_LONGJMP 1
| #define HAVE__SETJMP 1
| #define HAVE__LONGJMP 1
| #define HAVE_SIGALTSTACK 1
| #define HAVE_SIGSTACK 1
| #define HAVE_STACK_T 1
| #define PTH_STACKGROWTH -1
| #define HAVE_MAKECONTEXT 1
| #define HAVE_SIGALTSTACK 1
| #define HAVE_STACK_T 1
| #define HAVE_SIGSTACK 1
| #define PTH_MCTX_MTH_use PTH_MCTX_MTH_mcsc
| #define PTH_MCTX_DSP_use PTH_MCTX_DSP_sc
| #define PTH_MCTX_STK_use PTH_MCTX_STK_mc
| #define HAVE_SYS_SYSCALL_H 1
| /* end confdefs.h.  */
| #include <sys/socketcall.h>
configure:23959: result: no
configure:23994: checking for sys/socketcall.h
configure:24001: result: no
configure:24018: checking for syscall
configure:24075: x86_64-nacl-gcc -o conftest -O2 -pipe -funroll-loops -fstrength-reduce -fomit-frame-pointer -ffast-math   conftest.c -lnsl  >&5
conftest.c:118: error: expected '=', ',', ';', 'asm' or '__attribute__' before 'me'
configure:24081: $? = 1
configure: failed program was:
| /* confdefs.h.  */
| 
| #define PACKAGE_NAME ""
| #define PACKAGE_TARNAME ""
| #define PACKAGE_VERSION ""
| #define PACKAGE_STRING ""
| #define PACKAGE_BUGREPORT ""
| #define STDC_HEADERS 1
| #define HAVE_SYS_TYPES_H 1
| #define HAVE_SYS_STAT_H 1
| #define HAVE_STDLIB_H 1
| #define HAVE_STRING_H 1
| #define HAVE_MEMORY_H 1
| #define HAVE_STRINGS_H 1
| #define HAVE_INTTYPES_H 1
| #define HAVE_STDINT_H 1
| #define HAVE_UNISTD_H 1
| #define HAVE_DLFCN_H 1
| #ifdef __cplusplus
| extern "C" void exit (int) throw ();
| #endif
| #define STDC_HEADERS 1
| #define HAVE_STDIO_H 1
| #define HAVE_STDLIB_H 1
| #define HAVE_STDARG_H 1
| #define HAVE_STRING_H 1
| #define HAVE_SIGNAL_H 1
| #define HAVE_UNISTD_H 1
| #define HAVE_SETJMP_H 1
| #define HAVE_FCNTL_H 1
| #define HAVE_ERRNO_H 1
| #define HAVE_SYS_TYPES_H 1
| #define HAVE_SYS_TIME_H 1
| #define HAVE_SYS_WAIT_H 1
| #define HAVE_SYS_STAT_H 1
| #define HAVE_SYS_SOCKET_H 1
| #define HAVE_GETTIMEOFDAY 1
| #define HAVE_SELECT 1
| #define HAVE_SIGPROCMASK 1
| #define HAVE_SIGPENDING 1
| #define HAVE_SIGSUSPEND 1
| #define PTH_NSIG 32
| #define HAVE_POLL 1
| #define HAVE_POLLIN 1
| #define HAVE_SYS_UIO_H 1
| #define HAVE_READV 1
| #define HAVE_WRITEV 1
| #define HAVE_USLEEP 1
| #define HAVE_STRERROR 1
| #define HAVE_SYS_RESOURCE_H 1
| #define HAVE_PATHS_H 1
| #define HAVE_LIBNSL 1
| #define HAVE_SYS_SELECT_H 1
| #define HAVE_SIG_ATOMIC_T 1
| #define HAVE_PID_T 1
| #define HAVE_SIZE_T 1
| #define HAVE_SSIZE_T 1
| #define HAVE_OFF_T 1
| #define HAVE_STACK_T 1
| #define HAVE_SS_SP 1
| #define HAVE_STRUCT_TIMESPEC 1
| #define HAVE_SOCKLEN_T 1
| #define HAVE_NFDS_T 1
| #define HAVE_LONGLONG 1
| #define HAVE_LONGDOUBLE 1
| #define HAVE_MAKECONTEXT 1
| #define HAVE_SWAPCONTEXT 1
| #define HAVE_GETCONTEXT 1
| #define HAVE_SETCONTEXT 1
| #define HAVE_SIGNAL_H 1
| #define HAVE_SIGLONGJMP 1
| #define HAVE_SETJMP 1
| #define HAVE_LONGJMP 1
| #define HAVE__SETJMP 1
| #define HAVE__LONGJMP 1
| #define HAVE_SIGALTSTACK 1
| #define HAVE_SIGSTACK 1
| #define HAVE_STACK_T 1
| #define PTH_STACKGROWTH -1
| #define HAVE_MAKECONTEXT 1
| #define HAVE_SIGALTSTACK 1
| #define HAVE_STACK_T 1
| #define HAVE_SIGSTACK 1
| #define PTH_MCTX_MTH_use PTH_MCTX_MTH_mcsc
| #define PTH_MCTX_DSP_use PTH_MCTX_DSP_sc
| #define PTH_MCTX_STK_use PTH_MCTX_STK_mc
| #define HAVE_SYS_SYSCALL_H 1
| /* end confdefs.h.  */
| /* Define syscall to an innocuous variant, in case <limits.h> declares syscall.
|    For example, HP-UX 11i <limits.h> declares gettimeofday.  */
| #define syscall innocuous_syscall
| 
| /* System header to define __stub macros and hopefully few prototypes,
|     which can conflict with char syscall (); below.
|     Prefer <limits.h> to <assert.h> if __STDC__ is defined, since
|     <limits.h> exists even on freestanding compilers.  */
| 
| #ifdef __STDC__
| # include <limits.h>
| #else
| # include <assert.h>
| #endif
| 
| #undef syscall
| 
| /* Override any gcc2 internal prototype to avoid an error.  */
| #ifdef __cplusplus
| extern "C"
| {
| #endif
| /* We use char because int might match the return type of a gcc2
|    builtin and then its argument prototype would still apply.  */
| char syscall ();
| /* The GNU C library defines this for functions which it implements
|     to always fail with ENOSYS.  Some functions are actually named
|     something starting with __ and the normal name is an alias.  */
| #if defined (__stub_syscall) || defined (__stub___syscall)
| choke me
| #else
| char (*f) () = syscall;
| #endif
| #ifdef __cplusplus
| }
| #endif
| 
| int
| main ()
| {
| return f != syscall;
|   ;
|   return 0;
| }
configure:24106: result: no
configure:24116: checking for define SYS_read in sys/syscall.h
configure:24143: result: yes
configure:24159: checking for dlfcn.h
configure:24164: result: yes
configure:24305: checking for dlsym in -ldl
configure:24335: x86_64-nacl-gcc -o conftest -O2 -pipe -funroll-loops -fstrength-reduce -fomit-frame-pointer -ffast-math   conftest.c -ldl  -lnsl  >&5
configure:24341: $? = 0
configure:24345: test -z 
			 || test ! -s conftest.err
configure:24348: $? = 0
configure:24351: test -s conftest
configure:24354: $? = 0
configure:24367: result: yes
configure:24384: checking for dlopen
configure:24441: x86_64-nacl-gcc -o conftest -O2 -pipe -funroll-loops -fstrength-reduce -fomit-frame-pointer -ffast-math   conftest.c -ldl -lnsl  >&5
/tmp/ccwsYJF2.o: In function `main':
conftest.c:(.text+0x8): warning: Using 'dlopen' in statically linked applications requires at runtime the shared libraries from the glibc version used for linking
configure:24447: $? = 0
configure:24451: test -z 
			 || test ! -s conftest.err
configure:24454: $? = 0
configure:24457: test -s conftest
configure:24460: $? = 0
configure:24472: result: yes
configure:24384: checking for dlsym
configure:24441: x86_64-nacl-gcc -o conftest -O2 -pipe -funroll-loops -fstrength-reduce -fomit-frame-pointer -ffast-math   conftest.c -ldl -lnsl  >&5
configure:24447: $? = 0
configure:24451: test -z 
			 || test ! -s conftest.err
configure:24454: $? = 0
configure:24457: test -s conftest
configure:24460: $? = 0
configure:24472: result: yes
configure:24384: checking for dlclose
configure:24441: x86_64-nacl-gcc -o conftest -O2 -pipe -funroll-loops -fstrength-reduce -fomit-frame-pointer -ffast-math   conftest.c -ldl -lnsl  >&5
configure:24447: $? = 0
configure:24451: test -z 
			 || test ! -s conftest.err
configure:24454: $? = 0
configure:24457: test -s conftest
configure:24460: $? = 0
configure:24472: result: yes
configure:24482: checking for define RTLD_NEXT in dlfcn.h
configure:24509: result: no
configure:24520: checking for syscall dynamic libraries
configure:24544: result: 
configure:24552: checking whether soft system call mapping is used
configure:24570: result: no
configure:24574: checking whether hard system call mapping is used
configure:24628: result: no
configure:24640: result: 
configure:24642: result: Build Parameters:
configure:24647: checking whether to activate batch build mode
configure:24659: result: no
configure:24664: checking whether to activate maintainer build targets
configure:24673: result: no
configure:24678: checking whether to activate test build targets
configure:24687: result: no
configure:24695: checking whether to build Pthread library
configure:24706: result: yes
configure:24731: checking pthread.h usability
configure:24743: x86_64-nacl-gcc -c -O2 -pipe -funroll-loops -fstrength-reduce -fomit-frame-pointer -ffast-math  conftest.c >&5
configure:24749: $? = 0
configure:24753: test -z 
			 || test ! -s conftest.err
configure:24756: $? = 0
configure:24759: test -s conftest.o
configure:24762: $? = 0
configure:24772: result: yes
configure:24776: checking pthread.h presence
configure:24786: x86_64-nacl-gcc -E  conftest.c
configure:24792: $? = 0
configure:24812: result: yes
configure:24847: checking for pthread.h
configure:24854: result: yes
configure:25210: checking whether to build against external OSSP ex library
configure:25221: result: no
configure:25536: checking whether to build against external Sfio library
configure:25543: result: no
configure:25858: checking whether to build against external Dmalloc library
configure:25869: result: no
configure:25875: result: 
configure:25877: result: Output Substitution:
configure:25979: creating ./config.status

## ---------------------- ##
## Running config.status. ##
## ---------------------- ##

This file was extended by config.status, which was
generated by GNU Autoconf 2.59 (OpenPKG-CURRENT).  Invocation command line was

  CONFIG_FILES    = 
  CONFIG_HEADERS  = 
  CONFIG_LINKS    = 
  CONFIG_COMMANDS = 
  $ ./config.status 

on zvm-ThinkPad-T430s

config.status:716: creating Makefile
config.status:716: creating pthread-config
config.status:716: creating pthread.h
config.status:716: creating pth-config
config.status:716: creating pth.h
config.status:716: creating pth_acmac.h
config.status:819: creating pth_acdef.h
config.status:1107: pth_acdef.h is unchanged
config.status:1265: executing default commands

## ---------------- ##
## Cache variables. ##
## ---------------- ##

ac_cv_argtype_accept3='socklen_t *__restrict'
ac_cv_argtype_poll2=nfds_t
ac_cv_build=x86_64-unknown-linux-gnu
ac_cv_build_alias=x86_64-unknown-linux-gnu
ac_cv_c_compiler_gnu=yes
ac_cv_check_mcsc=no
ac_cv_check_nfdstype=nfds_t
ac_cv_check_sjlj=sjlje
ac_cv_check_socklentype=socklen_t
ac_cv_check_stackgrowth=down
ac_cv_compiler_option_optimize_std=yes
ac_cv_compiler_option_optimize_x86=no
ac_cv_compiler_option_pipe=yes
ac_cv_cxx_compiler_gnu=yes
ac_cv_define_POLLIN=yes
ac_cv_define_RTLD_NEXT=no
ac_cv_define_SYS_read=yes
ac_cv_env_CC_set=
ac_cv_env_CC_value=
ac_cv_env_CFLAGS_set=
ac_cv_env_CFLAGS_value=
ac_cv_env_CPPFLAGS_set=
ac_cv_env_CPPFLAGS_value=
ac_cv_env_CPP_set=
ac_cv_env_CPP_value=
ac_cv_env_CXXCPP_set=
ac_cv_env_CXXCPP_value=
ac_cv_env_CXXFLAGS_set=
ac_cv_env_CXXFLAGS_value=
ac_cv_env_CXX_set=
ac_cv_env_CXX_value=
ac_cv_env_F77_set=
ac_cv_env_F77_value=
ac_cv_env_FFLAGS_set=
ac_cv_env_FFLAGS_value=
ac_cv_env_LDFLAGS_set=
ac_cv_env_LDFLAGS_value=
ac_cv_env_build_alias_set=
ac_cv_env_build_alias_value=
ac_cv_env_host_alias_set=set
ac_cv_env_host_alias_value=x86_64-nacl
ac_cv_env_target_alias_set=
ac_cv_env_target_alias_value=
ac_cv_exeext=
ac_cv_f77_compiler_gnu=yes
ac_cv_func__longjmp=yes
ac_cv_func__setjmp=yes
ac_cv_func_dlclose=yes
ac_cv_func_dlopen=yes
ac_cv_func_dlsym=yes
ac_cv_func_getcontext=yes
ac_cv_func_gettimeofday=yes
ac_cv_func_longjmp=yes
ac_cv_func_makecontext=yes
ac_cv_func_poll=yes
ac_cv_func_readv=yes
ac_cv_func_select=yes
ac_cv_func_setcontext=yes
ac_cv_func_setjmp=yes
ac_cv_func_sigaction=no
ac_cv_func_sigaltstack=yes
ac_cv_func_siglongjmp=yes
ac_cv_func_sigpending=yes
ac_cv_func_sigprocmask=yes
ac_cv_func_sigsetjmp=no
ac_cv_func_sigstack=yes
ac_cv_func_sigsuspend=yes
ac_cv_func_strerror=yes
ac_cv_func_swapcontext=yes
ac_cv_func_syscall=no
ac_cv_func_usleep=yes
ac_cv_func_writev=yes
ac_cv_header_dlfcn_h=yes
ac_cv_header_errno_h=yes
ac_cv_header_fcntl_h=yes
ac_cv_header_inttypes_h=yes
ac_cv_header_memory_h=yes
ac_cv_header_net_errno_h=no
ac_cv_header_paths_h=yes
ac_cv_header_pthread_h=yes
ac_cv_header_setjmp_h=yes
ac_cv_header_signal_h=yes
ac_cv_header_stdarg_h=yes
ac_cv_header_stdc=yes
ac_cv_header_stdint_h=yes
ac_cv_header_stdio_h=yes
ac_cv_header_stdlib_h=yes
ac_cv_header_string_h=yes
ac_cv_header_strings_h=yes
ac_cv_header_sys_resource_h=yes
ac_cv_header_sys_select_h=yes
ac_cv_header_sys_socket_h=yes
ac_cv_header_sys_socketcall_h=no
ac_cv_header_sys_stat_h=yes
ac_cv_header_sys_syscall_h=yes
ac_cv_header_sys_time_h=yes
ac_cv_header_sys_types_h=yes
ac_cv_header_sys_uio_h=yes
ac_cv_header_sys_wait_h=yes
ac_cv_header_ucontext_h=yes
ac_cv_header_unistd_h=yes
ac_cv_host=x86_64-pc-nacl
ac_cv_host_alias=x86_64-nacl
ac_cv_lib_dl_dlsym=yes
ac_cv_lib_nsl_gethostname=yes
ac_cv_lib_socket_accept=no
ac_cv_objext=o
ac_cv_prog_AR=x86_64-nacl-ar
ac_cv_prog_CC=x86_64-nacl-gcc
ac_cv_prog_CPP='x86_64-nacl-gcc -E'
ac_cv_prog_CXX=x86_64-nacl-g++
ac_cv_prog_CXXCPP='x86_64-nacl-g++ -E'
ac_cv_prog_F77=x86_64-nacl-gfortran
ac_cv_prog_RANLIB=x86_64-nacl-ranlib
ac_cv_prog_STRIP=x86_64-nacl-strip
ac_cv_prog_cc_g=yes
ac_cv_prog_cc_stdc=
ac_cv_prog_cxx_g=yes
ac_cv_prog_egrep='grep -E'
ac_cv_prog_f77_g=yes
ac_cv_prog_make_make_set=yes
ac_cv_stacksetup_makecontext='guessed:(skaddr),(sksize)'
ac_cv_stacksetup_sigaltstack='guessed:(skaddr),(sksize)'
ac_cv_stacksetup_sigstack='guessed:(skaddr),(sksize)'
ac_cv_structattr_ss_base=no
ac_cv_structattr_ss_sp=yes
ac_cv_type_longdouble=yes
ac_cv_type_longlong=yes
ac_cv_typedef_nfds_t=yes
ac_cv_typedef_off_t=yes
ac_cv_typedef_pid_t=yes
ac_cv_typedef_sig_atomic_t=yes
ac_cv_typedef_size_t=yes
ac_cv_typedef_socklen_t=yes
ac_cv_typedef_ssize_t=yes
ac_cv_typedef_stack_t=yes
lt_cv_deplibs_check_method=unknown
lt_cv_file_magic_cmd='$MAGIC_CMD'
lt_cv_file_magic_test_file=
lt_cv_ld_reload_flag=-r
lt_cv_objdir=.libs
lt_cv_path_LD=/opt/zerovm/x86_64-nacl/bin/ld
lt_cv_path_LDCXX=/opt/zerovm/x86_64-nacl/bin/ld
lt_cv_path_NM='//opt/zerovm/bin/x86_64-nacl-nm -B'
lt_cv_path_SED=/bin/sed
lt_cv_prog_compiler_c_o=yes
lt_cv_prog_compiler_c_o_CXX=yes
lt_cv_prog_compiler_c_o_F77=yes
lt_cv_prog_compiler_rtti_exceptions=no
lt_cv_prog_gnu_ld=yes
lt_cv_prog_gnu_ldcxx=yes
lt_cv_sys_global_symbol_pipe='sed -n -e '\''s/^.*[ 	]\([ABCDGIRSTW][ABCDGIRSTW]*\)[ 	][ 	]*\([_A-Za-z][_A-Za-z0-9]*\)$/\1 \2 \2/p'\'''
lt_cv_sys_global_symbol_to_c_name_address='sed -n -e '\''s/^: \([^ ]*\) $/  {\"\1\", (lt_ptr) 0},/p'\'' -e '\''s/^[BCDEGRST] \([^ ]*\) \([^ ]*\)$/  {"\2", (lt_ptr) \&\2},/p'\'''
lt_cv_sys_global_symbol_to_cdecl='sed -n -e '\''s/^. .* \(.*\)$/extern int \1;/p'\'''
lt_cv_sys_max_cmd_len=32768
lt_lt_cv_prog_compiler_c_o='"yes"'
lt_lt_cv_prog_compiler_c_o_CXX='"yes"'
lt_lt_cv_prog_compiler_c_o_F77='"yes"'
lt_lt_cv_sys_global_symbol_pipe='"sed -n -e '\''s/^.*[ 	]\\([ABCDGIRSTW][ABCDGIRSTW]*\\)[ 	][ 	]*\\([_A-Za-z][_A-Za-z0-9]*\\)\$/\\1 \\2 \\2/p'\''"'
lt_lt_cv_sys_global_symbol_to_c_name_address='"sed -n -e '\''s/^: \\([^ ]*\\) \$/  {\\\"\\1\\\", (lt_ptr) 0},/p'\'' -e '\''s/^[BCDEGRST] \\([^ ]*\\) \\([^ ]*\\)\$/  {\"\\2\", (lt_ptr) \\&\\2},/p'\''"'
lt_lt_cv_sys_global_symbol_to_cdecl='"sed -n -e '\''s/^. .* \\(.*\\)\$/extern int \\1;/p'\''"'

## ----------------- ##
## Output variables. ##
## ----------------- ##

AR='x86_64-nacl-ar'
BATCH='no'
CC='x86_64-nacl-gcc'
CFLAGS='-O2 -pipe -funroll-loops -fstrength-reduce -fomit-frame-pointer -ffast-math'
CPP='x86_64-nacl-gcc -E'
CPPFLAGS=''
CXX='x86_64-nacl-g++'
CXXCPP='x86_64-nacl-g++ -E'
CXXFLAGS='-g -O2'
DEFS='-DHAVE_CONFIG_H'
ECHO='echo'
ECHO_C=''
ECHO_N='-n'
ECHO_T=''
EGREP='grep -E'
EXEEXT=''
EXTRA_INCLUDE_SYS_SELECT_H='#include <sys/select.h>'
F77='x86_64-nacl-gfortran'
FALLBACK_NFDS_T='/* typedef nfds_t nfds_t; */'
FALLBACK_OFF_T='/* typedef int off_t; */'
FALLBACK_PID_T='/* typedef int pid_t; */'
FALLBACK_SIG_ATOMIC_T='/* typedef int sig_atomic_t; */'
FALLBACK_SIZE_T='/* typedef unsigned int size_t; */'
FALLBACK_SOCKLEN_T='/* typedef socklen_t socklen_t; */'
FALLBACK_SSIZE_T='/* typedef unsigned int ssize_t; */'
FFLAGS='-g -O2'
INSTALL_PTHREAD='install-pthread'
LDFLAGS=''
LIBOBJS=''
LIBPTHREAD_A='libpthread.a'
LIBPTHREAD_LA='libpthread.la'
LIBS='-ldl -lnsl '
LIBTOOL='$(SHELL) $(top_builddir)/libtool'
LN_S='ln -s'
LTLIBOBJS=''
OBJEXT='o'
PACKAGE_BUGREPORT=''
PACKAGE_NAME=''
PACKAGE_STRING=''
PACKAGE_TARNAME=''
PACKAGE_VERSION=''
PATH_SEPARATOR=':'
PLATFORM='x86_64-pc-nacl'
PTHREAD_3='$(S)pthread.3'
PTHREAD_CONFIG_1='$(S)pthread-config.1'
PTHREAD_O='pthread.o'
PTH_EXT_SFIO='0'
PTH_FAKE_POLL='0'
PTH_FAKE_RWV='0'
PTH_FDSETSIZE='1024'
PTH_MCTX_ID='mcsc/sc/mc'
PTH_STACK_GROWTH='down'
PTH_SYSCALL_HARD='0'
PTH_SYSCALL_SOFT='1'
PTH_VERSION_HEX='0x200207'
PTH_VERSION_STR='2.0.7 (08-Jun-2006)'
RANLIB='x86_64-nacl-ranlib'
SET_MAKE=''
SHELL='/bin/bash'
STRIP='x86_64-nacl-strip'
TARGET_ALL='$(TARGET_PREQ) $(TARGET_LIBS)'
TEST_PTHREAD='test_pthread'
UNINSTALL_PTHREAD='uninstall-pthread'
ac_ct_AR=''
ac_ct_CC=''
ac_ct_CXX=''
ac_ct_F77=''
ac_ct_RANLIB=''
ac_ct_STRIP=''
bindir='${exec_prefix}/bin'
build='x86_64-unknown-linux-gnu'
build_alias=''
build_cpu='x86_64'
build_os='linux-gnu'
build_vendor='unknown'
datadir='${prefix}/share'
exec_prefix='${prefix}'
host='x86_64-pc-nacl'
host_alias='x86_64-nacl'
host_cpu='x86_64'
host_os='nacl'
host_vendor='pc'
includedir='${prefix}/include'
infodir='${prefix}/info'
libdir='${exec_prefix}/lib'
libexecdir='${exec_prefix}/libexec'
localstatedir='${prefix}/var'
mandir='${prefix}/man'
oldincludedir='/usr/include'
prefix='/opt/zerovm/x86_64-nacl'
program_transform_name='s,x,x,'
pth_sigjmpbuf='#define pth_sigjmpbuf '
pth_siglongjmp='#define pth_siglongjmp(buf,val) '
pth_sigsetjmp='#define pth_sigsetjmp(buf) '
pth_skaddr_makecontext='#define pth_skaddr_makecontext(skaddr,sksize) ((skaddr))'
pth_skaddr_sigaltstack='#define pth_skaddr_sigaltstack(skaddr,sksize) ((skaddr))'
pth_skaddr_sigstack='#define pth_skaddr_sigstack(skaddr,sksize) ((skaddr))'
pth_sksize_makecontext='#define pth_sksize_makecontext(skaddr,sksize) ((sksize))'
pth_sksize_sigaltstack='#define pth_sksize_sigaltstack(skaddr,sksize) ((sksize))'
pth_sksize_sigstack='#define pth_sksize_sigstack(skaddr,sksize) ((sksize))'
sbindir='${exec_prefix}/sbin'
sharedstatedir='${prefix}/com'
srcdir_prefix=''
sysconfdir='${prefix}/etc'
target_alias=''

## ----------- ##
## confdefs.h. ##
## ----------- ##

#define HAVE_DLCLOSE 1
#define HAVE_DLFCN_H 1
#define HAVE_DLFCN_H 1
#define HAVE_DLOPEN 1
#define HAVE_DLSYM 1
#define HAVE_ERRNO_H 1
#define HAVE_FCNTL_H 1
#define HAVE_GETCONTEXT 1
#define HAVE_GETTIMEOFDAY 1
#define HAVE_INTTYPES_H 1
#define HAVE_LIBDL 1
#define HAVE_LIBNSL 1
#define HAVE_LONGDOUBLE 1
#define HAVE_LONGJMP 1
#define HAVE_LONGLONG 1
#define HAVE_MAKECONTEXT 1
#define HAVE_MAKECONTEXT 1
#define HAVE_MEMORY_H 1
#define HAVE_NFDS_T 1
#define HAVE_OFF_T 1
#define HAVE_PATHS_H 1
#define HAVE_PID_T 1
#define HAVE_POLL 1
#define HAVE_POLLIN 1
#define HAVE_PTHREAD_H 1
#define HAVE_READV 1
#define HAVE_SELECT 1
#define HAVE_SETCONTEXT 1
#define HAVE_SETJMP 1
#define HAVE_SETJMP_H 1
#define HAVE_SIGALTSTACK 1
#define HAVE_SIGALTSTACK 1
#define HAVE_SIGLONGJMP 1
#define HAVE_SIGNAL_H 1
#define HAVE_SIGNAL_H 1
#define HAVE_SIGPENDING 1
#define HAVE_SIGPROCMASK 1
#define HAVE_SIGSTACK 1
#define HAVE_SIGSTACK 1
#define HAVE_SIGSUSPEND 1
#define HAVE_SIG_ATOMIC_T 1
#define HAVE_SIZE_T 1
#define HAVE_SOCKLEN_T 1
#define HAVE_SSIZE_T 1
#define HAVE_SS_SP 1
#define HAVE_STACK_T 1
#define HAVE_STACK_T 1
#define HAVE_STACK_T 1
#define HAVE_STDARG_H 1
#define HAVE_STDINT_H 1
#define HAVE_STDIO_H 1
#define HAVE_STDLIB_H 1
#define HAVE_STDLIB_H 1
#define HAVE_STRERROR 1
#define HAVE_STRINGS_H 1
#define HAVE_STRING_H 1
#define HAVE_STRING_H 1
#define HAVE_STRUCT_TIMESPEC 1
#define HAVE_SWAPCONTEXT 1
#define HAVE_SYS_READ 1
#define HAVE_SYS_RESOURCE_H 1
#define HAVE_SYS_SELECT_H 1
#define HAVE_SYS_SOCKET_H 1
#define HAVE_SYS_STAT_H 1
#define HAVE_SYS_STAT_H 1
#define HAVE_SYS_SYSCALL_H 1
#define HAVE_SYS_TIME_H 1
#define HAVE_SYS_TYPES_H 1
#define HAVE_SYS_TYPES_H 1
#define HAVE_SYS_UIO_H 1
#define HAVE_SYS_WAIT_H 1
#define HAVE_UNISTD_H 1
#define HAVE_UNISTD_H 1
#define HAVE_USLEEP 1
#define HAVE_WRITEV 1
#define HAVE__LONGJMP 1
#define HAVE__SETJMP 1
#define PACKAGE_BUGREPORT ""
#define PACKAGE_NAME ""
#define PACKAGE_STRING ""
#define PACKAGE_TARNAME ""
#define PACKAGE_VERSION ""
#define PTH_MCTX_DSP_use PTH_MCTX_DSP_sc
#define PTH_MCTX_MTH_use PTH_MCTX_MTH_mcsc
#define PTH_MCTX_STK_use PTH_MCTX_STK_mc
#define PTH_NSIG 32
#define PTH_STACKGROWTH -1
#define PTH_SYSCALL_LIBS ""
#define STDC_HEADERS 1
#define STDC_HEADERS 1
#endif
#ifdef __cplusplus
extern "C" void exit (int) throw ();

configure: exit 0
